Microsoft (R) Build Engine Version 3.5.30729.8693
[Microsoft .NET Framework, Version 2.0.50727.8689]
Copyright (C) Microsoft Corporation 2007. All rights reserved.

_PasCoreCompile:
  Embarcadero Delphi for Win32 compiler version 24.0
  Copyright (c) 1983,2012 Embarcadero Technologies, Inc.
C:\@work\erp\source\desktop_new\commonutils_static\resources\commonutils.resources.aparencia.pas(66): Hint warning H2077: Value assigned to 'IniFile' never used
  C:\@work\erp\source\desktop_new\commonfeature\cenarioorcamentario\source\commonfeature.cenarioorcamentario.orcamentoitem.dto.pasWarning: W1020 Constructing instance of 'TDTO_ItemOrcamentario' containing abstract method 'TDTO_Generics.GetSecurityLabel'
  C:\@work\erp\source\desktop_new\commonfeature\cenarioorcamentario\source\commonfeature.cenarioorcamentario.orcamentoitem.dto.pasWarning: W1020 Constructing instance of 'TDTO_ItemOrcamentario' containing abstract method 'TDTO_Generics.NewObject'
  C:\@work\erp\source\desktop_new\commonfeature\cenarioorcamentario\source\commonfeature.cenarioorcamentario.orcamentoitem.dto.pasWarning: W1020 Constructing instance of 'TDTO_ItemOrcamentario' containing abstract method 'TDTO_Generics.Validate'
  C:\@work\erp\source\desktop_new\commonfeature\cenarioorcamentario\source\commonfeature.cenarioorcamentario.orcamentoitem.dto.pasWarning: W1020 Constructing instance of 'TDTO_ItemOrcamentario' containing abstract method 'TDTO_Generics.LoadFromTemplateData'
  C:\@work\erp\source\desktop_new\commonfeature\cenarioorcamentario\source\commonfeature.cenarioorcamentario.orcamentoitem.dto.pasWarning: W1020 Constructing instance of 'TDTO_ItemOrcamentario' containing abstract method 'TDTO_Generics.SaveToTemplateData'
  C:\@work\erp\source\desktop_new\commonfeature\cenarioorcamentario\source\commonfeature.cenarioorcamentario.orcamento.dto.pas(92)Warning: W1020 Constructing instance of 'TDTO_Orcamento' containing abstract method 'TDTO_Generics.GetSecurityLabel'
  C:\@work\erp\source\desktop_new\commonfeature\cenarioorcamentario\source\commonfeature.cenarioorcamentario.orcamento.dto.pas(92)Warning: W1020 Constructing instance of 'TDTO_Orcamento' containing abstract method 'TDTO_Generics.NewObject'
  C:\@work\erp\source\desktop_new\commonfeature\cenarioorcamentario\source\commonfeature.cenarioorcamentario.orcamento.dto.pas(92)Warning: W1020 Constructing instance of 'TDTO_Orcamento' containing abstract method 'TDTO_Generics.Validate'
  C:\@work\erp\source\desktop_new\commonfeature\cenarioorcamentario\source\commonfeature.cenarioorcamentario.orcamento.dto.pas(92)Warning: W1020 Constructing instance of 'TDTO_Orcamento' containing abstract method 'TDTO_Generics.LoadFromTemplateData'
  C:\@work\erp\source\desktop_new\commonfeature\cenarioorcamentario\source\commonfeature.cenarioorcamentario.orcamento.dto.pas(92)Warning: W1020 Constructing instance of 'TDTO_Orcamento' containing abstract method 'TDTO_Generics.SaveToTemplateData'
C:\@work\erp\source\desktop_new\commonfeature\cenarioorcamentario\source\commonfeature.cenarioorcamentario.dto.pas(128): warning W1020: Constructing instance of 'TDTO_Projeto' containing abstract method 'TDTO_Generics.GetSecurityLabel'
C:\@work\erp\source\desktop_new\commonfeature\cenarioorcamentario\source\commonfeature.cenarioorcamentario.dto.pas(128): warning W1020: Constructing instance of 'TDTO_Projeto' containing abstract method 'TDTO_Generics.Validate'
C:\@work\erp\source\desktop_new\commonfeature\cenarioorcamentario\source\commonfeature.cenarioorcamentario.dto.pas(128): warning W1020: Constructing instance of 'TDTO_Projeto' containing abstract method 'TDTO_Generics.LoadFromTemplateData'
C:\@work\erp\source\desktop_new\commonfeature\cenarioorcamentario\source\commonfeature.cenarioorcamentario.dto.pas(128): warning W1020: Constructing instance of 'TDTO_Projeto' containing abstract method 'TDTO_Generics.SaveToTemplateData'
C:\@work\erp\source\desktop_new\commonfeature\cenarioorcamentario\source\commonfeature.cenarioorcamentario.dto.pas(177): warning W1020: Constructing instance of 'TDTO_CenarioOrcamentario' containing abstract method 'TDTO_Generics.GetSecurityLabel'
C:\@work\erp\source\desktop_new\commonfeature\cenarioorcamentario\source\commonfeature.cenarioorcamentario.dto.pas(177): warning W1020: Constructing instance of 'TDTO_CenarioOrcamentario' containing abstract method 'TDTO_Generics.NewObject'
C:\@work\erp\source\desktop_new\commonfeature\cenarioorcamentario\source\commonfeature.cenarioorcamentario.dto.pas(177): warning W1020: Constructing instance of 'TDTO_CenarioOrcamentario' containing abstract method 'TDTO_Generics.Validate'
C:\@work\erp\source\desktop_new\commonfeature\cenarioorcamentario\source\commonfeature.cenarioorcamentario.dto.pas(177): warning W1020: Constructing instance of 'TDTO_CenarioOrcamentario' containing abstract method 'TDTO_Generics.LoadFromTemplateData'
C:\@work\erp\source\desktop_new\commonfeature\cenarioorcamentario\source\commonfeature.cenarioorcamentario.dto.pas(177): warning W1020: Constructing instance of 'TDTO_CenarioOrcamentario' containing abstract method 'TDTO_Generics.SaveToTemplateData'
  C:\@work\erp\source\desktop_new\commonfeature\cenarioorcamentario\source\commonfeature.cenarioorcamentario.orcamento.selecaoorcaWarning: W1020 Constructing instance of 'TDTO_Orcamento' containing abstract method 'TDTO_Generics.GetSecurityLabel'
  C:\@work\erp\source\desktop_new\commonfeature\cenarioorcamentario\source\commonfeature.cenarioorcamentario.orcamento.selecaoorcaWarning: W1020 Constructing instance of 'TDTO_Orcamento' containing abstract method 'TDTO_Generics.NewObject'
  C:\@work\erp\source\desktop_new\commonfeature\cenarioorcamentario\source\commonfeature.cenarioorcamentario.orcamento.selecaoorcaWarning: W1020 Constructing instance of 'TDTO_Orcamento' containing abstract method 'TDTO_Generics.Validate'
  C:\@work\erp\source\desktop_new\commonfeature\cenarioorcamentario\source\commonfeature.cenarioorcamentario.orcamento.selecaoorcaWarning: W1020 Constructing instance of 'TDTO_Orcamento' containing abstract method 'TDTO_Generics.LoadFromTemplateData'
  C:\@work\erp\source\desktop_new\commonfeature\cenarioorcamentario\source\commonfeature.cenarioorcamentario.orcamento.selecaoorcaWarning: W1020 Constructing instance of 'TDTO_Orcamento' containing abstract method 'TDTO_Generics.SaveToTemplateData'
  C:\@work\erp\source\desktop_new\commonfeature\cenarioorcamentario\source\commonfeature.cenarioorcamentario.registroprevisaoorcamWarning: W1055 PUBLISHED caused RTTI ($M+) to be added to type 'TDTO_RegistroValor'
  C:\@work\erp\source\desktop_new\commonfeature\cenarioorcamentario\source\commonfeature.cenarioorcamentario.parametrosprevisaoorcWarning: W1055 PUBLISHED caused RTTI ($M+) to be added to type 'TDTO_ParametrosPrevisaoOrcamentaria'
  C:\@work\erp\source\desktop_new\commonfeature\cenarioorcamentario\source\commonfeature.cenarioorcamentario.parametrosprevisaoorcWarning: W1020 Constructing instance of 'TDTO_CenarioOrcamentario' containing abstract method 'TDTO_Generics.GetSecurityLabel'
  C:\@work\erp\source\desktop_new\commonfeature\cenarioorcamentario\source\commonfeature.cenarioorcamentario.parametrosprevisaoorcWarning: W1020 Constructing instance of 'TDTO_CenarioOrcamentario' containing abstract method 'TDTO_Generics.NewObject'
  C:\@work\erp\source\desktop_new\commonfeature\cenarioorcamentario\source\commonfeature.cenarioorcamentario.parametrosprevisaoorcWarning: W1020 Constructing instance of 'TDTO_CenarioOrcamentario' containing abstract method 'TDTO_Generics.Validate'
  C:\@work\erp\source\desktop_new\commonfeature\cenarioorcamentario\source\commonfeature.cenarioorcamentario.parametrosprevisaoorcWarning: W1020 Constructing instance of 'TDTO_CenarioOrcamentario' containing abstract method 'TDTO_Generics.LoadFromTemplateData'
  C:\@work\erp\source\desktop_new\commonfeature\cenarioorcamentario\source\commonfeature.cenarioorcamentario.parametrosprevisaoorcWarning: W1020 Constructing instance of 'TDTO_CenarioOrcamentario' containing abstract method 'TDTO_Generics.SaveToTemplateData'
  C:\@work\erp\source\desktop_new\commonfeature\cenarioorcamentario\source\commonfeature.cenarioorcamentario.parametrosprevisaoorcWarning: W1020 Constructing instance of 'TDTO_Orcamento' containing abstract method 'TDTO_Generics.GetSecurityLabel'
  C:\@work\erp\source\desktop_new\commonfeature\cenarioorcamentario\source\commonfeature.cenarioorcamentario.parametrosprevisaoorcWarning: W1020 Constructing instance of 'TDTO_Orcamento' containing abstract method 'TDTO_Generics.NewObject'
  C:\@work\erp\source\desktop_new\commonfeature\cenarioorcamentario\source\commonfeature.cenarioorcamentario.parametrosprevisaoorcWarning: W1020 Constructing instance of 'TDTO_Orcamento' containing abstract method 'TDTO_Generics.Validate'
  C:\@work\erp\source\desktop_new\commonfeature\cenarioorcamentario\source\commonfeature.cenarioorcamentario.parametrosprevisaoorcWarning: W1020 Constructing instance of 'TDTO_Orcamento' containing abstract method 'TDTO_Generics.LoadFromTemplateData'
  C:\@work\erp\source\desktop_new\commonfeature\cenarioorcamentario\source\commonfeature.cenarioorcamentario.parametrosprevisaoorcWarning: W1020 Constructing instance of 'TDTO_Orcamento' containing abstract method 'TDTO_Generics.SaveToTemplateData'
C:\@work\erp\source\desktop_new\commonfeature\cenarioorcamentario\source\commonfeature.cenarioorcamentario.dao.pas(158): warning W1020: Constructing instance of 'TDTO_ItemOrcamentario' containing abstract method 'TDTO_Generics.GetSecurityLabel'
C:\@work\erp\source\desktop_new\commonfeature\cenarioorcamentario\source\commonfeature.cenarioorcamentario.dao.pas(158): warning W1020: Constructing instance of 'TDTO_ItemOrcamentario' containing abstract method 'TDTO_Generics.NewObject'
C:\@work\erp\source\desktop_new\commonfeature\cenarioorcamentario\source\commonfeature.cenarioorcamentario.dao.pas(158): warning W1020: Constructing instance of 'TDTO_ItemOrcamentario' containing abstract method 'TDTO_Generics.Validate'
C:\@work\erp\source\desktop_new\commonfeature\cenarioorcamentario\source\commonfeature.cenarioorcamentario.dao.pas(158): warning W1020: Constructing instance of 'TDTO_ItemOrcamentario' containing abstract method 'TDTO_Generics.LoadFromTemplateData'
C:\@work\erp\source\desktop_new\commonfeature\cenarioorcamentario\source\commonfeature.cenarioorcamentario.dao.pas(158): warning W1020: Constructing instance of 'TDTO_ItemOrcamentario' containing abstract method 'TDTO_Generics.SaveToTemplateData'
C:\@work\erp\source\desktop_new\commonfeature\cenarioorcamentario\source\commonfeature.cenarioorcamentario.dao.pas(213): warning W1020: Constructing instance of 'TDTO_ItemOrcamentario' containing abstract method 'TDTO_Generics.GetSecurityLabel'
C:\@work\erp\source\desktop_new\commonfeature\cenarioorcamentario\source\commonfeature.cenarioorcamentario.dao.pas(213): warning W1020: Constructing instance of 'TDTO_ItemOrcamentario' containing abstract method 'TDTO_Generics.NewObject'
C:\@work\erp\source\desktop_new\commonfeature\cenarioorcamentario\source\commonfeature.cenarioorcamentario.dao.pas(213): warning W1020: Constructing instance of 'TDTO_ItemOrcamentario' containing abstract method 'TDTO_Generics.Validate'
C:\@work\erp\source\desktop_new\commonfeature\cenarioorcamentario\source\commonfeature.cenarioorcamentario.dao.pas(213): warning W1020: Constructing instance of 'TDTO_ItemOrcamentario' containing abstract method 'TDTO_Generics.LoadFromTemplateData'
C:\@work\erp\source\desktop_new\commonfeature\cenarioorcamentario\source\commonfeature.cenarioorcamentario.dao.pas(213): warning W1020: Constructing instance of 'TDTO_ItemOrcamentario' containing abstract method 'TDTO_Generics.SaveToTemplateData'
C:\@work\erp\source\desktop_new\commonfeature\cenarioorcamentario\source\commonfeature.cenarioorcamentario.dao.pas(259): warning W1020: Constructing instance of 'TDTO_Orcamento' containing abstract method 'TDTO_Generics.GetSecurityLabel'
C:\@work\erp\source\desktop_new\commonfeature\cenarioorcamentario\source\commonfeature.cenarioorcamentario.dao.pas(259): warning W1020: Constructing instance of 'TDTO_Orcamento' containing abstract method 'TDTO_Generics.NewObject'
C:\@work\erp\source\desktop_new\commonfeature\cenarioorcamentario\source\commonfeature.cenarioorcamentario.dao.pas(259): warning W1020: Constructing instance of 'TDTO_Orcamento' containing abstract method 'TDTO_Generics.Validate'
C:\@work\erp\source\desktop_new\commonfeature\cenarioorcamentario\source\commonfeature.cenarioorcamentario.dao.pas(259): warning W1020: Constructing instance of 'TDTO_Orcamento' containing abstract method 'TDTO_Generics.LoadFromTemplateData'
C:\@work\erp\source\desktop_new\commonfeature\cenarioorcamentario\source\commonfeature.cenarioorcamentario.dao.pas(259): warning W1020: Constructing instance of 'TDTO_Orcamento' containing abstract method 'TDTO_Generics.SaveToTemplateData'
C:\@work\erp\source\desktop_new\commonfeature\cenarioorcamentario\source\commonfeature.cenarioorcamentario.dao.pas(278): Hint warning H2164: Variable 'i' is declared but never used in 'TDAO_CenarioOrcamentario.getSaldoAnterior'
C:\@work\erp\source\desktop_new\commonfeature\cenarioorcamentario\source\commonfeature.cenarioorcamentario.dao.pas(427): Hint warning H2164: Variable 'i' is declared but never used in 'TDAO_CenarioOrcamentario.getValoresCaixa'
C:\@work\erp\source\desktop_new\commonfeature\cenarioorcamentario\source\commonfeature.cenarioorcamentario.dao.pas(461): Hint warning H2164: Variable 'i' is declared but never used in 'TDAO_CenarioOrcamentario.getValoresCompetencia'
  C:\@work\erp\source\desktop_new\commonfeature\cenarioorcamentario\source\commonfeature.cenarioorcamentario.drawcenarioorcamentarHint: H2164 Variable 't_NodeCol' is declared but never used in 'TDrawPrevisaoOrcamentaria.AtribuirValoresOrcados'
  C:\@work\erp\source\desktop_new\commonfeature\cenarioorcamentario\source\commonfeature.cenarioorcamentario.drawcenarioorcamentarHint: H2164 Variable 't_NodeCol' is declared but never used in 'TDrawPrevisaoOrcamentaria.AtribuirValoresCaixa'
  C:\@work\erp\source\desktop_new\commonfeature\cenarioorcamentario\source\commonfeature.cenarioorcamentario.drawcenarioorcamentarHint: H2164 Variable 't_NodeCol' is declared but never used in 'TDrawPrevisaoOrcamentaria.AtribuirValoresCompetencia'
  C:\@work\erp\source\desktop_new\commonfeature\cenarioorcamentario\source\commonfeature.cenarioorcamentario.drawcenarioorcamentarWarning: W1035 Return value of function 'TDrawPrevisaoOrcamentaria.GetIndexColunaFimValores' might be undefined
  C:\@work\erp\source\desktop_new\commonfeature\cenarioorcamentario\source\commonfeature.cenarioorcamentario.drawcenarioorcamentarHint: H2077 Value assigned to 't_IndexColValor' never used
  C:\@work\erp\source\desktop_new\commonfeature\cenarioorcamentario\source\commonfeature.cenarioorcamentario.drawcenarioorcamentarWarning: W1036 Variable 't_Visualizacoes' might not have been initialized
  C:\@work\erp\source\desktop_new\commonfeature\cenarioorcamentario\source\commonfeature.cenarioorcamentario.drawcenarioorcamentarHint: H2219 Private symbol 'AcumulaAnaliticasNasSinteticas' declared but never used
  C:\@work\erp\source\desktop_new\commonfeature\cenarioorcamentario\source\commonfeature.cenarioorcamentario.orcamento.ficha.pas(5Warning: W1020 Constructing instance of 'TDTO_Orcamento' containing abstract method 'TDTO_Generics.GetSecurityLabel'
  C:\@work\erp\source\desktop_new\commonfeature\cenarioorcamentario\source\commonfeature.cenarioorcamentario.orcamento.ficha.pas(5Warning: W1020 Constructing instance of 'TDTO_Orcamento' containing abstract method 'TDTO_Generics.NewObject'
  C:\@work\erp\source\desktop_new\commonfeature\cenarioorcamentario\source\commonfeature.cenarioorcamentario.orcamento.ficha.pas(5Warning: W1020 Constructing instance of 'TDTO_Orcamento' containing abstract method 'TDTO_Generics.Validate'
  C:\@work\erp\source\desktop_new\commonfeature\cenarioorcamentario\source\commonfeature.cenarioorcamentario.orcamento.ficha.pas(5Warning: W1020 Constructing instance of 'TDTO_Orcamento' containing abstract method 'TDTO_Generics.LoadFromTemplateData'
  C:\@work\erp\source\desktop_new\commonfeature\cenarioorcamentario\source\commonfeature.cenarioorcamentario.orcamento.ficha.pas(5Warning: W1020 Constructing instance of 'TDTO_Orcamento' containing abstract method 'TDTO_Generics.SaveToTemplateData'
C:\@work\erp\source\desktop_new\commonfeature\cenarioorcamentario\source\commonfeature.cenarioorcamentario.ficha.pas(63): Hint warning H2269: Overriding virtual method 'TFicha_CenarioOrcamentario.getFrame' has lower visibility (private) than base class 'TnsORMFicha' (protected)
C:\@work\erp\source\desktop_new\commonfeature\cenarioorcamentario\source\commonfeature.cenarioorcamentario.ficha.pas(65): Hint warning H2269: Overriding virtual method 'TFicha_CenarioOrcamentario.getValidator' has lower visibility (private) than base class 'TnsORMFicha' (protected)
C:\@work\erp\source\desktop_new\commonfeature\cenarioorcamentario\source\commonfeature.cenarioorcamentario.ficha.pas(67): Hint warning H2269: Overriding virtual method 'TFicha_CenarioOrcamentario.getCaption' has lower visibility (private) than base class 'TnsORMFicha' (protected)
C:\@work\erp\source\desktop_new\commonfeature\cenarioorcamentario\source\commonfeature.cenarioorcamentario.ficha.pas(80): Hint warning H2269: Overriding virtual method 'TFicha_CenarioOrcamentario.registerEvents' has lower visibility (private) than base class 'TnsORMFicha' (protected)
C:\@work\erp\source\desktop_new\commonfeature\cenarioorcamentario\source\commonfeature.cenarioorcamentario.ficha.pas(95): Hint warning H2269: Overriding virtual method 'TFicha_CenarioOrcamentario.parserDTOToView' has lower visibility (private) than base class 'TnsORMFicha' (protected)
C:\@work\erp\source\desktop_new\commonfeature\cenarioorcamentario\source\commonfeature.cenarioorcamentario.ficha.pas(97): Hint warning H2269: Overriding virtual method 'TFicha_CenarioOrcamentario.parserViewToDTO' has lower visibility (private) than base class 'TnsORMFicha' (protected)
C:\@work\erp\source\desktop_new\commonfeature\cenarioorcamentario\source\commonfeature.cenarioorcamentario.ficha.pas(115): warning W1020: Constructing instance of 'TDTO_Estabelecimento' containing abstract method 'TDTO_Generics.GetSecurityLabel'
C:\@work\erp\source\desktop_new\commonfeature\cenarioorcamentario\source\commonfeature.cenarioorcamentario.ficha.pas(115): warning W1020: Constructing instance of 'TDTO_Estabelecimento' containing abstract method 'TDTO_Generics.Validate'
C:\@work\erp\source\desktop_new\commonfeature\cenarioorcamentario\source\commonfeature.cenarioorcamentario.ficha.pas(115): warning W1020: Constructing instance of 'TDTO_Estabelecimento' containing abstract method 'TDTO_Generics.LoadFromTemplateData'
C:\@work\erp\source\desktop_new\commonfeature\cenarioorcamentario\source\commonfeature.cenarioorcamentario.ficha.pas(115): warning W1020: Constructing instance of 'TDTO_Estabelecimento' containing abstract method 'TDTO_Generics.SaveToTemplateData'
C:\@work\erp\source\desktop_new\commonfeature\cenarioorcamentario\source\commonfeature.cenarioorcamentario.ficha.pas(130): warning W1020: Constructing instance of 'TDTO_Projeto' containing abstract method 'TDTO_Generics.GetSecurityLabel'
C:\@work\erp\source\desktop_new\commonfeature\cenarioorcamentario\source\commonfeature.cenarioorcamentario.ficha.pas(130): warning W1020: Constructing instance of 'TDTO_Projeto' containing abstract method 'TDTO_Generics.Validate'
C:\@work\erp\source\desktop_new\commonfeature\cenarioorcamentario\source\commonfeature.cenarioorcamentario.ficha.pas(130): warning W1020: Constructing instance of 'TDTO_Projeto' containing abstract method 'TDTO_Generics.LoadFromTemplateData'
C:\@work\erp\source\desktop_new\commonfeature\cenarioorcamentario\source\commonfeature.cenarioorcamentario.ficha.pas(130): warning W1020: Constructing instance of 'TDTO_Projeto' containing abstract method 'TDTO_Generics.SaveToTemplateData'
C:\@work\erp\source\desktop_new\commonfeature\cenarioorcamentario\source\commonfeature.cenarioorcamentario.ficha.pas(372): warning W1020: Constructing instance of 'TDTO_Orcamento' containing abstract method 'TDTO_Generics.GetSecurityLabel'
C:\@work\erp\source\desktop_new\commonfeature\cenarioorcamentario\source\commonfeature.cenarioorcamentario.ficha.pas(372): warning W1020: Constructing instance of 'TDTO_Orcamento' containing abstract method 'TDTO_Generics.NewObject'
C:\@work\erp\source\desktop_new\commonfeature\cenarioorcamentario\source\commonfeature.cenarioorcamentario.ficha.pas(372): warning W1020: Constructing instance of 'TDTO_Orcamento' containing abstract method 'TDTO_Generics.Validate'
C:\@work\erp\source\desktop_new\commonfeature\cenarioorcamentario\source\commonfeature.cenarioorcamentario.ficha.pas(372): warning W1020: Constructing instance of 'TDTO_Orcamento' containing abstract method 'TDTO_Generics.LoadFromTemplateData'
C:\@work\erp\source\desktop_new\commonfeature\cenarioorcamentario\source\commonfeature.cenarioorcamentario.ficha.pas(372): warning W1020: Constructing instance of 'TDTO_Orcamento' containing abstract method 'TDTO_Generics.SaveToTemplateData'
C:\@work\erp\source\desktop_new\commonfeature\cenarioorcamentario\source\commonfeature.cenarioorcamentario.item.ficha.pas(137): Hint warning H2164: Variable 'iValores' is declared but never used in 'TFichaItemCenarioOrcamentario.CalculaTotalItem'
C:\@work\erp\source\desktop_new\commonfeature\cenarioorcamentario\source\commonfeature.cenarioorcamentario.item.ficha.pas(138): Hint warning H2164: Variable 't_NodePai' is declared but never used in 'TFichaItemCenarioOrcamentario.CalculaTotalItem'
C:\@work\erp\source\desktop_new\commonfeature\cenarioorcamentario\source\commonfeature.cenarioorcamentario.item.ficha.pas(274): Hint warning H2164: Variable 't_valor' is declared but never used in 'TFichaItemCenarioOrcamentario.DistribuiValoresPai'
C:\@work\erp\source\desktop_new\commonfeature\cenarioorcamentario\source\commonfeature.cenarioorcamentario.item.ficha.pas(371): Hint warning H2164: Variable 't_Erro' is declared but never used in 'TFichaItemCenarioOrcamentario.MontaDadosTela'
C:\@work\erp\source\desktop_new\commonfeature\cenarioorcamentario\source\commonfeature.cenarioorcamentario.item.ficha.pas(394): warning W1020: Constructing instance of 'TDTO_ItemOrcamentario' containing abstract method 'TDTO_Generics.GetSecurityLabel'
C:\@work\erp\source\desktop_new\commonfeature\cenarioorcamentario\source\commonfeature.cenarioorcamentario.item.ficha.pas(394): warning W1020: Constructing instance of 'TDTO_ItemOrcamentario' containing abstract method 'TDTO_Generics.NewObject'
C:\@work\erp\source\desktop_new\commonfeature\cenarioorcamentario\source\commonfeature.cenarioorcamentario.item.ficha.pas(394): warning W1020: Constructing instance of 'TDTO_ItemOrcamentario' containing abstract method 'TDTO_Generics.Validate'
C:\@work\erp\source\desktop_new\commonfeature\cenarioorcamentario\source\commonfeature.cenarioorcamentario.item.ficha.pas(394): warning W1020: Constructing instance of 'TDTO_ItemOrcamentario' containing abstract method 'TDTO_Generics.LoadFromTemplateData'
C:\@work\erp\source\desktop_new\commonfeature\cenarioorcamentario\source\commonfeature.cenarioorcamentario.item.ficha.pas(394): warning W1020: Constructing instance of 'TDTO_ItemOrcamentario' containing abstract method 'TDTO_Generics.SaveToTemplateData'
C:\@work\erp\source\desktop_new\commonfeature\cenarioorcamentario\source\commonfeature.cenarioorcamentario.item.ficha.pas(109): Hint warning H2219: Private symbol 'GetNewValidator' declared but never used
C:\@work\erp\source\desktop_new\commonfeature\cenarioorcamentario\source\commonfeature.cenarioorcamentario.item.ficha.pas(112): Hint warning H2219: Private symbol 'GetIndexColunaTipoRegistro' declared but never used
C:\@work\erp\source\desktop_new\commonfeature\cenarioorcamentario\source\commonfeature.cenarioorcamentario.browser.pas(32): Hint warning H2269: Overriding virtual method 'TBrowser_CenarioOrcamentario<TDTO,TDAO,TController>.getCaption' has lower visibility (private) than base class 'nsORM.browser.TNsORMBrowser<commonfeature.cenarioorcamentario.browser.TBrowser_CenarioOrcamentario<TDTO,TDAO,TController>.TDTO,commonfeature.cenarioorcamentario.browser.TBrowser_CenarioOrcamentario<TDTO,TDAO,TController>.TDAO,commonfeature.cenarioorcamentario.browser.TBrowser_CenarioOrcamentario<TDTO,TDAO,TController>.TController>' (protected)
C:\@work\erp\source\desktop_new\commonfeature\cenarioorcamentario\source\commonfeature.cenarioorcamentario.browser.pas(34): Hint warning H2269: Overriding virtual method 'TBrowser_CenarioOrcamentario<TDTO,TDAO,TController>.getFicha' has lower visibility (private) than base class 'nsORM.browser.TNsORMBrowser<commonfeature.cenarioorcamentario.browser.TBrowser_CenarioOrcamentario<TDTO,TDAO,TController>.TDTO,commonfeature.cenarioorcamentario.browser.TBrowser_CenarioOrcamentario<TDTO,TDAO,TController>.TDAO,commonfeature.cenarioorcamentario.browser.TBrowser_CenarioOrcamentario<TDTO,TDAO,TController>.TController>' (protected)
  C:\@work\erp\source\desktop_new\commonfeature\cenarioorcamentario\source\commonfeature.cenarioorcamentario.previsao.ficha.pas(23Hint: H2164 Variable 'i' is declared but never used in 'TFicha_PrevisaoOrcamentaria.Call_PrevisaoOrcamentaria'
  C:\@work\erp\source\desktop_new\commonfeature\cenarioorcamentario\source\commonfeature.cenarioorcamentario.previsao.ficha.pas(32Warning: W1020 Constructing instance of 'TDTO_ClassificacaoFinanceira' containing abstract method 'TDTO_Generics.GetSecurityLabel'
  C:\@work\erp\source\desktop_new\commonfeature\cenarioorcamentario\source\commonfeature.cenarioorcamentario.previsao.ficha.pas(32Warning: W1020 Constructing instance of 'TDTO_ClassificacaoFinanceira' containing abstract method 'TDTO_Generics.Validate'
  C:\@work\erp\source\desktop_new\commonfeature\cenarioorcamentario\source\commonfeature.cenarioorcamentario.previsao.ficha.pas(32Warning: W1020 Constructing instance of 'TDTO_ClassificacaoFinanceira' containing abstract method 'TDTO_Generics.LoadFromTemplateData'
  C:\@work\erp\source\desktop_new\commonfeature\cenarioorcamentario\source\commonfeature.cenarioorcamentario.previsao.ficha.pas(32Warning: W1020 Constructing instance of 'TDTO_ClassificacaoFinanceira' containing abstract method 'TDTO_Generics.SaveToTemplateData'
  C:\@work\erp\source\desktop_new\commonfeature\cenarioorcamentario\source\commonfeature.cenarioorcamentario.previsao.ficha.pas(33Warning: W1020 Constructing instance of 'TDTO_Contas' containing abstract method 'TDTO_Generics.GetSecurityLabel'
  C:\@work\erp\source\desktop_new\commonfeature\cenarioorcamentario\source\commonfeature.cenarioorcamentario.previsao.ficha.pas(33Warning: W1020 Constructing instance of 'TDTO_Contas' containing abstract method 'TDTO_Generics.Validate'
  C:\@work\erp\source\desktop_new\commonfeature\cenarioorcamentario\source\commonfeature.cenarioorcamentario.previsao.ficha.pas(33Warning: W1020 Constructing instance of 'TDTO_Contas' containing abstract method 'TDTO_Generics.LoadFromTemplateData'
  C:\@work\erp\source\desktop_new\commonfeature\cenarioorcamentario\source\commonfeature.cenarioorcamentario.previsao.ficha.pas(33Warning: W1020 Constructing instance of 'TDTO_Contas' containing abstract method 'TDTO_Generics.SaveToTemplateData'
  C:\@work\erp\source\desktop_new\commonfeature\cenarioorcamentario\source\commonfeature.cenarioorcamentario.previsao.ficha.pas(33Warning: W1020 Constructing instance of 'TDTO_Projeto' containing abstract method 'TDTO_Generics.GetSecurityLabel'
  C:\@work\erp\source\desktop_new\commonfeature\cenarioorcamentario\source\commonfeature.cenarioorcamentario.previsao.ficha.pas(33Warning: W1020 Constructing instance of 'TDTO_Projeto' containing abstract method 'TDTO_Generics.Validate'
  C:\@work\erp\source\desktop_new\commonfeature\cenarioorcamentario\source\commonfeature.cenarioorcamentario.previsao.ficha.pas(33Warning: W1020 Constructing instance of 'TDTO_Projeto' containing abstract method 'TDTO_Generics.LoadFromTemplateData'
  C:\@work\erp\source\desktop_new\commonfeature\cenarioorcamentario\source\commonfeature.cenarioorcamentario.previsao.ficha.pas(33Warning: W1020 Constructing instance of 'TDTO_Projeto' containing abstract method 'TDTO_Generics.SaveToTemplateData'
  C:\@work\erp\source\desktop_new\commonfeature\cenarioorcamentario\source\commonfeature.cenarioorcamentario.previsao.ficha.pas(33Warning: W1020 Constructing instance of 'TDTO_Estabelecimento' containing abstract method 'TDTO_Generics.GetSecurityLabel'
  C:\@work\erp\source\desktop_new\commonfeature\cenarioorcamentario\source\commonfeature.cenarioorcamentario.previsao.ficha.pas(33Warning: W1020 Constructing instance of 'TDTO_Estabelecimento' containing abstract method 'TDTO_Generics.Validate'
  C:\@work\erp\source\desktop_new\commonfeature\cenarioorcamentario\source\commonfeature.cenarioorcamentario.previsao.ficha.pas(33Warning: W1020 Constructing instance of 'TDTO_Estabelecimento' containing abstract method 'TDTO_Generics.LoadFromTemplateData'
  C:\@work\erp\source\desktop_new\commonfeature\cenarioorcamentario\source\commonfeature.cenarioorcamentario.previsao.ficha.pas(33Warning: W1020 Constructing instance of 'TDTO_Estabelecimento' containing abstract method 'TDTO_Generics.SaveToTemplateData'
  C:\@work\erp\source\desktop_new\commonfeature\cenarioorcamentario\source\commonfeature.cenarioorcamentario.previsao.ficha.pas(90Hint: H2077 Value assigned to 'TFicha_PrevisaoOrcamentaria.Validar' never used
  C:\@work\erp\source\desktop_new\commonfeature\cenarioorcamentario\source\commonfeature.cenarioorcamentario.previsao.ficha.pas(21Hint: H2219 Private symbol 'ConfigurarCenario' declared but never used
C:\@work\erp\source\desktop_new\commonfeature\cenarioorcamentario\source\commonfeature.cenarioorcamentario.browser.pas(86): warning W1020: Constructing instance of 'TDTO_CenarioOrcamentario' containing abstract method 'TDTO_Generics.GetSecurityLabel'
C:\@work\erp\source\desktop_new\commonfeature\cenarioorcamentario\source\commonfeature.cenarioorcamentario.browser.pas(86): warning W1020: Constructing instance of 'TDTO_CenarioOrcamentario' containing abstract method 'TDTO_Generics.NewObject'
C:\@work\erp\source\desktop_new\commonfeature\cenarioorcamentario\source\commonfeature.cenarioorcamentario.browser.pas(86): warning W1020: Constructing instance of 'TDTO_CenarioOrcamentario' containing abstract method 'TDTO_Generics.Validate'
C:\@work\erp\source\desktop_new\commonfeature\cenarioorcamentario\source\commonfeature.cenarioorcamentario.browser.pas(86): warning W1020: Constructing instance of 'TDTO_CenarioOrcamentario' containing abstract method 'TDTO_Generics.LoadFromTemplateData'
C:\@work\erp\source\desktop_new\commonfeature\cenarioorcamentario\source\commonfeature.cenarioorcamentario.browser.pas(86): warning W1020: Constructing instance of 'TDTO_CenarioOrcamentario' containing abstract method 'TDTO_Generics.SaveToTemplateData'
C:\@work\erp\source\desktop_new\commonfeature\cenarioorcamentario\source\commonfeature.cenarioorcamentario.browser.pas(137): warning W1020: Constructing instance of 'TDTO_CenarioOrcamentario' containing abstract method 'TDTO_Generics.GetSecurityLabel'
C:\@work\erp\source\desktop_new\commonfeature\cenarioorcamentario\source\commonfeature.cenarioorcamentario.browser.pas(137): warning W1020: Constructing instance of 'TDTO_CenarioOrcamentario' containing abstract method 'TDTO_Generics.NewObject'
C:\@work\erp\source\desktop_new\commonfeature\cenarioorcamentario\source\commonfeature.cenarioorcamentario.browser.pas(137): warning W1020: Constructing instance of 'TDTO_CenarioOrcamentario' containing abstract method 'TDTO_Generics.Validate'
C:\@work\erp\source\desktop_new\commonfeature\cenarioorcamentario\source\commonfeature.cenarioorcamentario.browser.pas(137): warning W1020: Constructing instance of 'TDTO_CenarioOrcamentario' containing abstract method 'TDTO_Generics.LoadFromTemplateData'
C:\@work\erp\source\desktop_new\commonfeature\cenarioorcamentario\source\commonfeature.cenarioorcamentario.browser.pas(137): warning W1020: Constructing instance of 'TDTO_CenarioOrcamentario' containing abstract method 'TDTO_Generics.SaveToTemplateData'
C:\Program Files (x86)\Embarcadero\RAD Studio\10.0\Bin\CodeGear.Delphi.Targets : Hint warning H2161: Warning: Duplicate resource:  Type 10 (RCDATA), ID TDMICONESUSUARIO; File C:\@work\erp\source\desktop_new\_codelink\frameworks\editorConsulta.dmIconesUsuario.dfm resource kept; file C:\@work\erp\source\desktop_new\_codelink\commonfeature\uDmIconesUsuario.dfm resource discarded.
C:\Program Files (x86)\Embarcadero\RAD Studio\10.0\Bin\CodeGear.Delphi.Targets : Hint warning H2161: Warning: Duplicate resource:  Type 10 (RCDATA), ID TFICHAGRUPODEUSUARIO; File C:\@work\erp\source\desktop_new\_codelink\commonfeature\commonfeature.grupodeusuario.ficha.dfm resource kept; file C:\@work\erp\source\desktop_new\_codelink\frameworks\nsORM.commonfeature.grupodeusuario.ficha.dfm resource discarded.
C:\Program Files (x86)\Embarcadero\RAD Studio\10.0\Bin\CodeGear.Delphi.Targets : Hint warning H2161: Warning: Duplicate resource:  Type 10 (RCDATA), ID TFICHAUSUARIO; File C:\@work\erp\source\desktop_new\_codelink\commonfeature\commonfeature.usuarios.ficha.dfm resource kept; file C:\@work\erp\source\desktop_new\_codelink\frameworks\nsORM.commonfeature.usuarios.ficha.dfm resource discarded.
C:\Program Files (x86)\Embarcadero\RAD Studio\10.0\Bin\CodeGear.Delphi.Targets : warning W1029: Duplicate constructor 'EACBrDFeException.CreateDef' with identical parameters will be inacessible from C++
C:\Program Files (x86)\Embarcadero\RAD Studio\10.0\Bin\CodeGear.Delphi.Targets : warning W1029: Duplicate constructor 'TDTO_ConfiguracaoObjetoServico.Destroy' with identical parameters will be inacessible from C++
C:\Program Files (x86)\Embarcadero\RAD Studio\10.0\Bin\CodeGear.Delphi.Targets : warning W1029: Duplicate constructor 'TConfiguracaoObjetoServico.Destroy' with identical parameters will be inacessible from C++
C:\Program Files (x86)\Embarcadero\RAD Studio\10.0\Bin\CodeGear.Delphi.Targets : warning W1029: Duplicate constructor 'EACBrDFeException.CreateDef' with identical parameters will be inacessible from C++
C:\Program Files (x86)\Embarcadero\RAD Studio\10.0\Bin\CodeGear.Delphi.Targets : warning W1029: Duplicate constructor 'TDTO_ConfiguracaoObjetoServico.Destroy' with identical parameters will be inacessible from C++
C:\Program Files (x86)\Embarcadero\RAD Studio\10.0\Bin\CodeGear.Delphi.Targets : warning W1029: Duplicate constructor 'TConfiguracaoObjetoServico.Destroy' with identical parameters will be inacessible from C++
  5358 lines, 29.77 seconds, 49245564 bytes code, 937108 bytes data.
