Microsoft (R) Build Engine Version 3.5.30729.8693
[Microsoft .NET Framework, Version 2.0.50727.8689]
Copyright (C) Microsoft Corporation 2007. All rights reserved.

_PasCoreCompile:
  Embarcadero Delphi for Win32 compiler version 24.0
  Copyright (c) 1983,2012 Embarcadero Technologies, Inc.
C:\@work\erp\source\desktop_new\commonfeature\despesasmedicas\commonfeature.despesasmedicas.planosaude.ficha.pas(122): warning W1050: WideChar reduced to byte char in set expressions.  Consider using 'CharInSet' function in 'SysUtils' unit.
C:\@work\erp\source\desktop_new\commonfeature\despesasmedicas\commonfeature.despesasmedicas.segurosaude.ficha.pas(135): warning W1020: Constructing instance of 'TDTO_Moeda' containing abstract method 'TDTO_Generics.GetSecurityLabel'
C:\@work\erp\source\desktop_new\commonfeature\despesasmedicas\commonfeature.despesasmedicas.segurosaude.ficha.pas(135): warning W1020: Constructing instance of 'TDTO_Moeda' containing abstract method 'TDTO_Generics.NewObject'
C:\@work\erp\source\desktop_new\commonfeature\despesasmedicas\commonfeature.despesasmedicas.segurosaude.ficha.pas(135): warning W1020: Constructing instance of 'TDTO_Moeda' containing abstract method 'TDTO_Generics.Validate'
C:\@work\erp\source\desktop_new\commonfeature\despesasmedicas\commonfeature.despesasmedicas.segurosaude.ficha.pas(135): warning W1020: Constructing instance of 'TDTO_Moeda' containing abstract method 'TDTO_Generics.LoadFromTemplateData'
C:\@work\erp\source\desktop_new\commonfeature\despesasmedicas\commonfeature.despesasmedicas.segurosaude.ficha.pas(135): warning W1020: Constructing instance of 'TDTO_Moeda' containing abstract method 'TDTO_Generics.SaveToTemplateData'
C:\@work\erp\source\desktop_new\commonfeature\despesasmedicas\commonfeature.despesasmedicas.beneficiario.ficha.pas(219): warning W1020: Constructing instance of 'TDTO_Estabelecimento' containing abstract method 'TDTO_Generics.GetSecurityLabel'
C:\@work\erp\source\desktop_new\commonfeature\despesasmedicas\commonfeature.despesasmedicas.beneficiario.ficha.pas(219): warning W1020: Constructing instance of 'TDTO_Estabelecimento' containing abstract method 'TDTO_Generics.Validate'
C:\@work\erp\source\desktop_new\commonfeature\despesasmedicas\commonfeature.despesasmedicas.beneficiario.ficha.pas(219): warning W1020: Constructing instance of 'TDTO_Estabelecimento' containing abstract method 'TDTO_Generics.LoadFromTemplateData'
C:\@work\erp\source\desktop_new\commonfeature\despesasmedicas\commonfeature.despesasmedicas.beneficiario.ficha.pas(219): warning W1020: Constructing instance of 'TDTO_Estabelecimento' containing abstract method 'TDTO_Generics.SaveToTemplateData'
C:\@work\erp\source\desktop_new\commonfeature\despesasmedicas\commonfeature.despesasmedicas.beneficiario.ficha.pas(287): warning W1020: Constructing instance of 'TDTO_PlanoSaude' containing abstract method 'TDTO_Generics.GetSecurityLabel'
C:\@work\erp\source\desktop_new\commonfeature\despesasmedicas\commonfeature.despesasmedicas.beneficiario.ficha.pas(287): warning W1020: Constructing instance of 'TDTO_PlanoSaude' containing abstract method 'TDTO_Generics.NewObject'
C:\@work\erp\source\desktop_new\commonfeature\despesasmedicas\commonfeature.despesasmedicas.beneficiario.ficha.pas(287): warning W1020: Constructing instance of 'TDTO_PlanoSaude' containing abstract method 'TDTO_Generics.Validate'
C:\@work\erp\source\desktop_new\commonfeature\despesasmedicas\commonfeature.despesasmedicas.beneficiario.ficha.pas(287): warning W1020: Constructing instance of 'TDTO_PlanoSaude' containing abstract method 'TDTO_Generics.LoadFromTemplateData'
C:\@work\erp\source\desktop_new\commonfeature\despesasmedicas\commonfeature.despesasmedicas.beneficiario.ficha.pas(287): warning W1020: Constructing instance of 'TDTO_PlanoSaude' containing abstract method 'TDTO_Generics.SaveToTemplateData'
C:\@work\erp\source\desktop_new\commonfeature\despesasmedicas\commonfeature.despesasmedicas.beneficiario.ficha.pas(313): warning W1020: Constructing instance of 'TDTO_SeguroSaude' containing abstract method 'TDTO_Generics.GetSecurityLabel'
C:\@work\erp\source\desktop_new\commonfeature\despesasmedicas\commonfeature.despesasmedicas.beneficiario.ficha.pas(313): warning W1020: Constructing instance of 'TDTO_SeguroSaude' containing abstract method 'TDTO_Generics.NewObject'
C:\@work\erp\source\desktop_new\commonfeature\despesasmedicas\commonfeature.despesasmedicas.beneficiario.ficha.pas(313): warning W1020: Constructing instance of 'TDTO_SeguroSaude' containing abstract method 'TDTO_Generics.Validate'
C:\@work\erp\source\desktop_new\commonfeature\despesasmedicas\commonfeature.despesasmedicas.beneficiario.ficha.pas(313): warning W1020: Constructing instance of 'TDTO_SeguroSaude' containing abstract method 'TDTO_Generics.LoadFromTemplateData'
C:\@work\erp\source\desktop_new\commonfeature\despesasmedicas\commonfeature.despesasmedicas.beneficiario.ficha.pas(313): warning W1020: Constructing instance of 'TDTO_SeguroSaude' containing abstract method 'TDTO_Generics.SaveToTemplateData'
C:\@work\erp\source\desktop_new\commonfeature\despesasmedicas\commonfeature.despesasmedicas.reembolso.browser.pas(41): Hint warning H2269: Overriding virtual method 'TBrowser_ReembolsoDespesaMedica<TDTO,TDAO,TController>.FormShow' has lower visibility (protected) than base class 'nsORM.browser.TNsORMBrowser<commonfeature.despesasmedicas.reembolso.browser.TBrowser_ReembolsoDespesaMedica<TDTO,TDAO,TController>.TDTO,commonfeature.despesasmedicas.reembolso.browser.TBrowser_ReembolsoDespesaMedica<TDTO,TDAO,TController>.TDAO,commonfeature.despesasmedicas.reembolso.browser.TBrowser_ReembolsoDespesaMedica<TDTO,TDAO,TController>.TController>' (published)
C:\@work\erp\source\desktop_new\commonfeature\despesasmedicas\commonfeature.despesasmedicas.reembolso.browser.pas(141): Hint warning H2443: Inline function 'TcxCustomGridTableView.GetItemCount' has not been expanded because unit 'System.Classes' is not specified in USES list
  C:\@work\erp\source\desktop_new\commonfeature\despesasmedicas\relatorio\commonfeature.despesasmedicas.reembolso.relatorio.model.Warning: W1055 PUBLISHED caused RTTI ($M+) to be added to type 'TRel_Reembolso'
C:\@work\erp\source\desktop_new\commonfeature\despesasmedicas\commonfeature.despesasmedicas.beneficiario.browser.pas(29): Hint warning H2269: Overriding virtual method 'TBrowser_Beneficiario<TDTO,TDAO,TController>.getCaption' has lower visibility (private) than base class 'nsORM.browser.TNsORMBrowser<commonfeature.despesasmedicas.beneficiario.browser.TBrowser_Beneficiario<TDTO,TDAO,TController>.TDTO,commonfeature.despesasmedicas.beneficiario.browser.TBrowser_Beneficiario<TDTO,TDAO,TController>.TDAO,commonfeature.despesasmedicas.beneficiario.browser.TBrowser_Beneficiario<TDTO,TDAO,TController>.TController>' (protected)
C:\@work\erp\source\desktop_new\commonfeature\despesasmedicas\commonfeature.despesasmedicas.beneficiario.browser.pas(30): Hint warning H2269: Overriding virtual method 'TBrowser_Beneficiario<TDTO,TDAO,TController>.getFicha' has lower visibility (private) than base class 'nsORM.browser.TNsORMBrowser<commonfeature.despesasmedicas.beneficiario.browser.TBrowser_Beneficiario<TDTO,TDAO,TController>.TDTO,commonfeature.despesasmedicas.beneficiario.browser.TBrowser_Beneficiario<TDTO,TDAO,TController>.TDAO,commonfeature.despesasmedicas.beneficiario.browser.TBrowser_Beneficiario<TDTO,TDAO,TController>.TController>' (protected)
C:\@work\erp\source\desktop_new\commonfeature\despesasmedicas\commonfeature.despesasmedicas.beneficiario.browser.pas(31): Hint warning H2269: Overriding virtual method 'TBrowser_Beneficiario<TDTO,TDAO,TController>.createButtons' has lower visibility (private) than base class 'nsORM.browser.TNsORMBrowser<commonfeature.despesasmedicas.beneficiario.browser.TBrowser_Beneficiario<TDTO,TDAO,TController>.TDTO,commonfeature.despesasmedicas.beneficiario.browser.TBrowser_Beneficiario<TDTO,TDAO,TController>.TDAO,commonfeature.despesasmedicas.beneficiario.browser.TBrowser_Beneficiario<TDTO,TDAO,TController>.TController>' (protected)
C:\@work\erp\source\desktop_new\commonfeature\despesasmedicas\commonfeature.despesasmedicas.beneficiario.browser.pas(59): warning W1020: Constructing instance of 'TDTO_Beneficiario' containing abstract method 'TDTO_Generics.GetSecurityLabel'
C:\@work\erp\source\desktop_new\commonfeature\despesasmedicas\commonfeature.despesasmedicas.beneficiario.browser.pas(59): warning W1020: Constructing instance of 'TDTO_Beneficiario' containing abstract method 'TDTO_Generics.NewObject'
C:\@work\erp\source\desktop_new\commonfeature\despesasmedicas\commonfeature.despesasmedicas.beneficiario.browser.pas(59): warning W1020: Constructing instance of 'TDTO_Beneficiario' containing abstract method 'TDTO_Generics.Validate'
C:\@work\erp\source\desktop_new\commonfeature\despesasmedicas\commonfeature.despesasmedicas.beneficiario.browser.pas(59): warning W1020: Constructing instance of 'TDTO_Beneficiario' containing abstract method 'TDTO_Generics.LoadFromTemplateData'
C:\@work\erp\source\desktop_new\commonfeature\despesasmedicas\commonfeature.despesasmedicas.beneficiario.browser.pas(59): warning W1020: Constructing instance of 'TDTO_Beneficiario' containing abstract method 'TDTO_Generics.SaveToTemplateData'
C:\@work\erp\source\desktop_new\commonfeature\despesasmedicas\commonfeature.despesasmedicas.dao.pas(132): warning W1020: Constructing instance of 'TDTO_DespesaMedica' containing abstract method 'TDTO_Generics.GetSecurityLabel'
C:\@work\erp\source\desktop_new\commonfeature\despesasmedicas\commonfeature.despesasmedicas.dao.pas(132): warning W1020: Constructing instance of 'TDTO_DespesaMedica' containing abstract method 'TDTO_Generics.NewObject'
C:\@work\erp\source\desktop_new\commonfeature\despesasmedicas\commonfeature.despesasmedicas.dao.pas(132): warning W1020: Constructing instance of 'TDTO_DespesaMedica' containing abstract method 'TDTO_Generics.Validate'
C:\@work\erp\source\desktop_new\commonfeature\despesasmedicas\commonfeature.despesasmedicas.dao.pas(132): warning W1020: Constructing instance of 'TDTO_DespesaMedica' containing abstract method 'TDTO_Generics.LoadFromTemplateData'
C:\@work\erp\source\desktop_new\commonfeature\despesasmedicas\commonfeature.despesasmedicas.dao.pas(132): warning W1020: Constructing instance of 'TDTO_DespesaMedica' containing abstract method 'TDTO_Generics.SaveToTemplateData'
C:\@work\erp\source\desktop_new\commonfeature\despesasmedicas\commonfeature.despesasmedicas.dao.pas(182): warning W1020: Constructing instance of 'TDTO_DespesaMedica' containing abstract method 'TDTO_Generics.GetSecurityLabel'
C:\@work\erp\source\desktop_new\commonfeature\despesasmedicas\commonfeature.despesasmedicas.dao.pas(182): warning W1020: Constructing instance of 'TDTO_DespesaMedica' containing abstract method 'TDTO_Generics.NewObject'
C:\@work\erp\source\desktop_new\commonfeature\despesasmedicas\commonfeature.despesasmedicas.dao.pas(182): warning W1020: Constructing instance of 'TDTO_DespesaMedica' containing abstract method 'TDTO_Generics.Validate'
C:\@work\erp\source\desktop_new\commonfeature\despesasmedicas\commonfeature.despesasmedicas.dao.pas(182): warning W1020: Constructing instance of 'TDTO_DespesaMedica' containing abstract method 'TDTO_Generics.LoadFromTemplateData'
C:\@work\erp\source\desktop_new\commonfeature\despesasmedicas\commonfeature.despesasmedicas.dao.pas(182): warning W1020: Constructing instance of 'TDTO_DespesaMedica' containing abstract method 'TDTO_Generics.SaveToTemplateData'
C:\@work\erp\source\desktop_new\commonfeature\despesasmedicas\commonfeature.despesasmedicas.dao.pas(239): warning W1020: Constructing instance of 'TDTO_DespesaMedica' containing abstract method 'TDTO_Generics.GetSecurityLabel'
C:\@work\erp\source\desktop_new\commonfeature\despesasmedicas\commonfeature.despesasmedicas.dao.pas(239): warning W1020: Constructing instance of 'TDTO_DespesaMedica' containing abstract method 'TDTO_Generics.NewObject'
C:\@work\erp\source\desktop_new\commonfeature\despesasmedicas\commonfeature.despesasmedicas.dao.pas(239): warning W1020: Constructing instance of 'TDTO_DespesaMedica' containing abstract method 'TDTO_Generics.Validate'
C:\@work\erp\source\desktop_new\commonfeature\despesasmedicas\commonfeature.despesasmedicas.dao.pas(239): warning W1020: Constructing instance of 'TDTO_DespesaMedica' containing abstract method 'TDTO_Generics.LoadFromTemplateData'
C:\@work\erp\source\desktop_new\commonfeature\despesasmedicas\commonfeature.despesasmedicas.dao.pas(239): warning W1020: Constructing instance of 'TDTO_DespesaMedica' containing abstract method 'TDTO_Generics.SaveToTemplateData'
C:\@work\erp\source\desktop_new\commonfeature\despesasmedicas\commonfeature.despesasmedicas.controller.pas(67): warning W1020: Constructing instance of 'TDTO_ReembolsoDespesaMedica' containing abstract method 'TDTO_Generics.GetSecurityLabel'
C:\@work\erp\source\desktop_new\commonfeature\despesasmedicas\commonfeature.despesasmedicas.controller.pas(67): warning W1020: Constructing instance of 'TDTO_ReembolsoDespesaMedica' containing abstract method 'TDTO_Generics.NewObject'
C:\@work\erp\source\desktop_new\commonfeature\despesasmedicas\commonfeature.despesasmedicas.controller.pas(67): warning W1020: Constructing instance of 'TDTO_ReembolsoDespesaMedica' containing abstract method 'TDTO_Generics.Validate'
C:\@work\erp\source\desktop_new\commonfeature\despesasmedicas\commonfeature.despesasmedicas.controller.pas(67): warning W1020: Constructing instance of 'TDTO_ReembolsoDespesaMedica' containing abstract method 'TDTO_Generics.LoadFromTemplateData'
C:\@work\erp\source\desktop_new\commonfeature\despesasmedicas\commonfeature.despesasmedicas.controller.pas(67): warning W1020: Constructing instance of 'TDTO_ReembolsoDespesaMedica' containing abstract method 'TDTO_Generics.SaveToTemplateData'
C:\@work\erp\source\desktop_new\commonfeature\despesasmedicas\commonfeature.despesasmedicas.ficha.pas(168): warning W1020: Constructing instance of 'TDTO_Estabelecimento' containing abstract method 'TDTO_Generics.GetSecurityLabel'
C:\@work\erp\source\desktop_new\commonfeature\despesasmedicas\commonfeature.despesasmedicas.ficha.pas(168): warning W1020: Constructing instance of 'TDTO_Estabelecimento' containing abstract method 'TDTO_Generics.Validate'
C:\@work\erp\source\desktop_new\commonfeature\despesasmedicas\commonfeature.despesasmedicas.ficha.pas(168): warning W1020: Constructing instance of 'TDTO_Estabelecimento' containing abstract method 'TDTO_Generics.LoadFromTemplateData'
C:\@work\erp\source\desktop_new\commonfeature\despesasmedicas\commonfeature.despesasmedicas.ficha.pas(168): warning W1020: Constructing instance of 'TDTO_Estabelecimento' containing abstract method 'TDTO_Generics.SaveToTemplateData'
C:\@work\erp\source\desktop_new\commonfeature\despesasmedicas\commonfeature.despesasmedicas.ficha.pas(209): warning W1020: Constructing instance of 'TDTO_Pessoa' containing abstract method 'TDTO_Generics.GetSecurityLabel'
C:\@work\erp\source\desktop_new\commonfeature\despesasmedicas\commonfeature.despesasmedicas.ficha.pas(209): warning W1020: Constructing instance of 'TDTO_Pessoa' containing abstract method 'TDTO_Generics.LoadFromTemplateData'
C:\@work\erp\source\desktop_new\commonfeature\despesasmedicas\commonfeature.despesasmedicas.ficha.pas(209): warning W1020: Constructing instance of 'TDTO_Pessoa' containing abstract method 'TDTO_Generics.SaveToTemplateData'
C:\@work\erp\source\desktop_new\commonfeature\despesasmedicas\commonfeature.despesasmedicas.ficha.pas(253): warning W1020: Constructing instance of 'TDTO_HistoricoDespesaMedica' containing abstract method 'TDTO_Generics.GetSecurityLabel'
C:\@work\erp\source\desktop_new\commonfeature\despesasmedicas\commonfeature.despesasmedicas.ficha.pas(253): warning W1020: Constructing instance of 'TDTO_HistoricoDespesaMedica' containing abstract method 'TDTO_Generics.NewObject'
C:\@work\erp\source\desktop_new\commonfeature\despesasmedicas\commonfeature.despesasmedicas.ficha.pas(253): warning W1020: Constructing instance of 'TDTO_HistoricoDespesaMedica' containing abstract method 'TDTO_Generics.Validate'
C:\@work\erp\source\desktop_new\commonfeature\despesasmedicas\commonfeature.despesasmedicas.ficha.pas(253): warning W1020: Constructing instance of 'TDTO_HistoricoDespesaMedica' containing abstract method 'TDTO_Generics.LoadFromTemplateData'
C:\@work\erp\source\desktop_new\commonfeature\despesasmedicas\commonfeature.despesasmedicas.ficha.pas(253): warning W1020: Constructing instance of 'TDTO_HistoricoDespesaMedica' containing abstract method 'TDTO_Generics.SaveToTemplateData'
C:\@work\erp\source\desktop_new\commonfeature\despesasmedicas\commonfeature.despesasmedicas.solicitarreembolso.ficha.pas(166): warning W1020: Constructing instance of 'TDTO_ReembolsoDespesaMedica' containing abstract method 'TDTO_Generics.GetSecurityLabel'
C:\@work\erp\source\desktop_new\commonfeature\despesasmedicas\commonfeature.despesasmedicas.solicitarreembolso.ficha.pas(166): warning W1020: Constructing instance of 'TDTO_ReembolsoDespesaMedica' containing abstract method 'TDTO_Generics.NewObject'
C:\@work\erp\source\desktop_new\commonfeature\despesasmedicas\commonfeature.despesasmedicas.solicitarreembolso.ficha.pas(166): warning W1020: Constructing instance of 'TDTO_ReembolsoDespesaMedica' containing abstract method 'TDTO_Generics.Validate'
C:\@work\erp\source\desktop_new\commonfeature\despesasmedicas\commonfeature.despesasmedicas.solicitarreembolso.ficha.pas(166): warning W1020: Constructing instance of 'TDTO_ReembolsoDespesaMedica' containing abstract method 'TDTO_Generics.LoadFromTemplateData'
C:\@work\erp\source\desktop_new\commonfeature\despesasmedicas\commonfeature.despesasmedicas.solicitarreembolso.ficha.pas(166): warning W1020: Constructing instance of 'TDTO_ReembolsoDespesaMedica' containing abstract method 'TDTO_Generics.SaveToTemplateData'
C:\@work\erp\source\desktop_new\commonfeature\despesasmedicas\commonfeature.despesasmedicas.solicitarreembolso.ficha.pas(167): warning W1020: Constructing instance of 'TDTO_DespesaMedica' containing abstract method 'TDTO_Generics.GetSecurityLabel'
C:\@work\erp\source\desktop_new\commonfeature\despesasmedicas\commonfeature.despesasmedicas.solicitarreembolso.ficha.pas(167): warning W1020: Constructing instance of 'TDTO_DespesaMedica' containing abstract method 'TDTO_Generics.NewObject'
C:\@work\erp\source\desktop_new\commonfeature\despesasmedicas\commonfeature.despesasmedicas.solicitarreembolso.ficha.pas(167): warning W1020: Constructing instance of 'TDTO_DespesaMedica' containing abstract method 'TDTO_Generics.Validate'
C:\@work\erp\source\desktop_new\commonfeature\despesasmedicas\commonfeature.despesasmedicas.solicitarreembolso.ficha.pas(167): warning W1020: Constructing instance of 'TDTO_DespesaMedica' containing abstract method 'TDTO_Generics.LoadFromTemplateData'
C:\@work\erp\source\desktop_new\commonfeature\despesasmedicas\commonfeature.despesasmedicas.solicitarreembolso.ficha.pas(167): warning W1020: Constructing instance of 'TDTO_DespesaMedica' containing abstract method 'TDTO_Generics.SaveToTemplateData'
C:\@work\erp\source\desktop_new\commonfeature\despesasmedicas\commonfeature.despesasmedicas.solicitarreembolso.ficha.pas(201): warning W1020: Constructing instance of 'TDTO_PlanoSaude' containing abstract method 'TDTO_Generics.GetSecurityLabel'
C:\@work\erp\source\desktop_new\commonfeature\despesasmedicas\commonfeature.despesasmedicas.solicitarreembolso.ficha.pas(201): warning W1020: Constructing instance of 'TDTO_PlanoSaude' containing abstract method 'TDTO_Generics.NewObject'
C:\@work\erp\source\desktop_new\commonfeature\despesasmedicas\commonfeature.despesasmedicas.solicitarreembolso.ficha.pas(201): warning W1020: Constructing instance of 'TDTO_PlanoSaude' containing abstract method 'TDTO_Generics.Validate'
C:\@work\erp\source\desktop_new\commonfeature\despesasmedicas\commonfeature.despesasmedicas.solicitarreembolso.ficha.pas(201): warning W1020: Constructing instance of 'TDTO_PlanoSaude' containing abstract method 'TDTO_Generics.LoadFromTemplateData'
C:\@work\erp\source\desktop_new\commonfeature\despesasmedicas\commonfeature.despesasmedicas.solicitarreembolso.ficha.pas(201): warning W1020: Constructing instance of 'TDTO_PlanoSaude' containing abstract method 'TDTO_Generics.SaveToTemplateData'
C:\@work\erp\source\desktop_new\commonfeature\despesasmedicas\commonfeature.despesasmedicas.solicitarreembolso.ficha.pas(223): warning W1020: Constructing instance of 'TDTO_SeguroSaude' containing abstract method 'TDTO_Generics.GetSecurityLabel'
C:\@work\erp\source\desktop_new\commonfeature\despesasmedicas\commonfeature.despesasmedicas.solicitarreembolso.ficha.pas(223): warning W1020: Constructing instance of 'TDTO_SeguroSaude' containing abstract method 'TDTO_Generics.NewObject'
C:\@work\erp\source\desktop_new\commonfeature\despesasmedicas\commonfeature.despesasmedicas.solicitarreembolso.ficha.pas(223): warning W1020: Constructing instance of 'TDTO_SeguroSaude' containing abstract method 'TDTO_Generics.Validate'
C:\@work\erp\source\desktop_new\commonfeature\despesasmedicas\commonfeature.despesasmedicas.solicitarreembolso.ficha.pas(223): warning W1020: Constructing instance of 'TDTO_SeguroSaude' containing abstract method 'TDTO_Generics.LoadFromTemplateData'
C:\@work\erp\source\desktop_new\commonfeature\despesasmedicas\commonfeature.despesasmedicas.solicitarreembolso.ficha.pas(223): warning W1020: Constructing instance of 'TDTO_SeguroSaude' containing abstract method 'TDTO_Generics.SaveToTemplateData'
C:\@work\erp\source\desktop_new\commonfeature\despesasmedicas\commonfeature.despesasmedicas.solicitarreembolso.ficha.pas(372): warning W1020: Constructing instance of 'TDTO_HistoricoDespesaMedica' containing abstract method 'TDTO_Generics.GetSecurityLabel'
C:\@work\erp\source\desktop_new\commonfeature\despesasmedicas\commonfeature.despesasmedicas.solicitarreembolso.ficha.pas(372): warning W1020: Constructing instance of 'TDTO_HistoricoDespesaMedica' containing abstract method 'TDTO_Generics.NewObject'
C:\@work\erp\source\desktop_new\commonfeature\despesasmedicas\commonfeature.despesasmedicas.solicitarreembolso.ficha.pas(372): warning W1020: Constructing instance of 'TDTO_HistoricoDespesaMedica' containing abstract method 'TDTO_Generics.Validate'
C:\@work\erp\source\desktop_new\commonfeature\despesasmedicas\commonfeature.despesasmedicas.solicitarreembolso.ficha.pas(372): warning W1020: Constructing instance of 'TDTO_HistoricoDespesaMedica' containing abstract method 'TDTO_Generics.LoadFromTemplateData'
C:\@work\erp\source\desktop_new\commonfeature\despesasmedicas\commonfeature.despesasmedicas.solicitarreembolso.ficha.pas(372): warning W1020: Constructing instance of 'TDTO_HistoricoDespesaMedica' containing abstract method 'TDTO_Generics.SaveToTemplateData'
C:\@work\erp\source\desktop_new\commonfeature\despesasmedicas\commonfeature.despesasmedicas.gerarlancamento.ficha.pas(125): warning W1020: Constructing instance of 'TDTO_ReembolsoDespesaMedica' containing abstract method 'TDTO_Generics.GetSecurityLabel'
C:\@work\erp\source\desktop_new\commonfeature\despesasmedicas\commonfeature.despesasmedicas.gerarlancamento.ficha.pas(125): warning W1020: Constructing instance of 'TDTO_ReembolsoDespesaMedica' containing abstract method 'TDTO_Generics.NewObject'
C:\@work\erp\source\desktop_new\commonfeature\despesasmedicas\commonfeature.despesasmedicas.gerarlancamento.ficha.pas(125): warning W1020: Constructing instance of 'TDTO_ReembolsoDespesaMedica' containing abstract method 'TDTO_Generics.Validate'
C:\@work\erp\source\desktop_new\commonfeature\despesasmedicas\commonfeature.despesasmedicas.gerarlancamento.ficha.pas(125): warning W1020: Constructing instance of 'TDTO_ReembolsoDespesaMedica' containing abstract method 'TDTO_Generics.LoadFromTemplateData'
C:\@work\erp\source\desktop_new\commonfeature\despesasmedicas\commonfeature.despesasmedicas.gerarlancamento.ficha.pas(125): warning W1020: Constructing instance of 'TDTO_ReembolsoDespesaMedica' containing abstract method 'TDTO_Generics.SaveToTemplateData'
C:\@work\erp\source\desktop_new\commonfeature\despesasmedicas\commonfeature.despesasmedicas.gerarlancamento.ficha.pas(126): warning W1020: Constructing instance of 'TDTO_ReembolsoDespesaMedica' containing abstract method 'TDTO_Generics.GetSecurityLabel'
C:\@work\erp\source\desktop_new\commonfeature\despesasmedicas\commonfeature.despesasmedicas.gerarlancamento.ficha.pas(126): warning W1020: Constructing instance of 'TDTO_ReembolsoDespesaMedica' containing abstract method 'TDTO_Generics.NewObject'
C:\@work\erp\source\desktop_new\commonfeature\despesasmedicas\commonfeature.despesasmedicas.gerarlancamento.ficha.pas(126): warning W1020: Constructing instance of 'TDTO_ReembolsoDespesaMedica' containing abstract method 'TDTO_Generics.Validate'
C:\@work\erp\source\desktop_new\commonfeature\despesasmedicas\commonfeature.despesasmedicas.gerarlancamento.ficha.pas(126): warning W1020: Constructing instance of 'TDTO_ReembolsoDespesaMedica' containing abstract method 'TDTO_Generics.LoadFromTemplateData'
C:\@work\erp\source\desktop_new\commonfeature\despesasmedicas\commonfeature.despesasmedicas.gerarlancamento.ficha.pas(126): warning W1020: Constructing instance of 'TDTO_ReembolsoDespesaMedica' containing abstract method 'TDTO_Generics.SaveToTemplateData'
C:\@work\erp\source\desktop_new\commonfeature\despesasmedicas\commonfeature.despesasmedicas.gerarlancamento.ficha.pas(164): warning W1020: Constructing instance of 'TDTO_Contas' containing abstract method 'TDTO_Generics.GetSecurityLabel'
C:\@work\erp\source\desktop_new\commonfeature\despesasmedicas\commonfeature.despesasmedicas.gerarlancamento.ficha.pas(164): warning W1020: Constructing instance of 'TDTO_Contas' containing abstract method 'TDTO_Generics.Validate'
C:\@work\erp\source\desktop_new\commonfeature\despesasmedicas\commonfeature.despesasmedicas.gerarlancamento.ficha.pas(164): warning W1020: Constructing instance of 'TDTO_Contas' containing abstract method 'TDTO_Generics.LoadFromTemplateData'
C:\@work\erp\source\desktop_new\commonfeature\despesasmedicas\commonfeature.despesasmedicas.gerarlancamento.ficha.pas(164): warning W1020: Constructing instance of 'TDTO_Contas' containing abstract method 'TDTO_Generics.SaveToTemplateData'
C:\@work\erp\source\desktop_new\commonfeature\despesasmedicas\commonfeature.despesasmedicas.quitarreembolso.ficha.pas(157): warning W1020: Constructing instance of 'TDTO_DespesaMedica' containing abstract method 'TDTO_Generics.GetSecurityLabel'
C:\@work\erp\source\desktop_new\commonfeature\despesasmedicas\commonfeature.despesasmedicas.quitarreembolso.ficha.pas(157): warning W1020: Constructing instance of 'TDTO_DespesaMedica' containing abstract method 'TDTO_Generics.NewObject'
C:\@work\erp\source\desktop_new\commonfeature\despesasmedicas\commonfeature.despesasmedicas.quitarreembolso.ficha.pas(157): warning W1020: Constructing instance of 'TDTO_DespesaMedica' containing abstract method 'TDTO_Generics.Validate'
C:\@work\erp\source\desktop_new\commonfeature\despesasmedicas\commonfeature.despesasmedicas.quitarreembolso.ficha.pas(157): warning W1020: Constructing instance of 'TDTO_DespesaMedica' containing abstract method 'TDTO_Generics.LoadFromTemplateData'
C:\@work\erp\source\desktop_new\commonfeature\despesasmedicas\commonfeature.despesasmedicas.quitarreembolso.ficha.pas(157): warning W1020: Constructing instance of 'TDTO_DespesaMedica' containing abstract method 'TDTO_Generics.SaveToTemplateData'
C:\@work\erp\source\desktop_new\commonfeature\despesasmedicas\commonfeature.despesasmedicas.quitarreembolso.ficha.pas(158): warning W1020: Constructing instance of 'TDTO_ReembolsoDespesaMedica' containing abstract method 'TDTO_Generics.GetSecurityLabel'
C:\@work\erp\source\desktop_new\commonfeature\despesasmedicas\commonfeature.despesasmedicas.quitarreembolso.ficha.pas(158): warning W1020: Constructing instance of 'TDTO_ReembolsoDespesaMedica' containing abstract method 'TDTO_Generics.NewObject'
C:\@work\erp\source\desktop_new\commonfeature\despesasmedicas\commonfeature.despesasmedicas.quitarreembolso.ficha.pas(158): warning W1020: Constructing instance of 'TDTO_ReembolsoDespesaMedica' containing abstract method 'TDTO_Generics.Validate'
C:\@work\erp\source\desktop_new\commonfeature\despesasmedicas\commonfeature.despesasmedicas.quitarreembolso.ficha.pas(158): warning W1020: Constructing instance of 'TDTO_ReembolsoDespesaMedica' containing abstract method 'TDTO_Generics.LoadFromTemplateData'
C:\@work\erp\source\desktop_new\commonfeature\despesasmedicas\commonfeature.despesasmedicas.quitarreembolso.ficha.pas(158): warning W1020: Constructing instance of 'TDTO_ReembolsoDespesaMedica' containing abstract method 'TDTO_Generics.SaveToTemplateData'
C:\@work\erp\source\desktop_new\commonfeature\despesasmedicas\commonfeature.despesasmedicas.quitarreembolso.ficha.pas(159): warning W1020: Constructing instance of 'TDTO_HistoricoDespesaMedica' containing abstract method 'TDTO_Generics.GetSecurityLabel'
C:\@work\erp\source\desktop_new\commonfeature\despesasmedicas\commonfeature.despesasmedicas.quitarreembolso.ficha.pas(159): warning W1020: Constructing instance of 'TDTO_HistoricoDespesaMedica' containing abstract method 'TDTO_Generics.NewObject'
C:\@work\erp\source\desktop_new\commonfeature\despesasmedicas\commonfeature.despesasmedicas.quitarreembolso.ficha.pas(159): warning W1020: Constructing instance of 'TDTO_HistoricoDespesaMedica' containing abstract method 'TDTO_Generics.Validate'
C:\@work\erp\source\desktop_new\commonfeature\despesasmedicas\commonfeature.despesasmedicas.quitarreembolso.ficha.pas(159): warning W1020: Constructing instance of 'TDTO_HistoricoDespesaMedica' containing abstract method 'TDTO_Generics.LoadFromTemplateData'
C:\@work\erp\source\desktop_new\commonfeature\despesasmedicas\commonfeature.despesasmedicas.quitarreembolso.ficha.pas(159): warning W1020: Constructing instance of 'TDTO_HistoricoDespesaMedica' containing abstract method 'TDTO_Generics.SaveToTemplateData'
C:\@work\erp\source\desktop_new\commonfeature\despesasmedicas\commonfeature.despesasmedicas.historico.browser.pas(25): Hint warning H2269: Overriding virtual method 'TBrowser_HistoricoDespesaMedica<TDTO,TDAO,TController>.FormShow' has lower visibility (protected) than base class 'nsORM.browser.TNsORMBrowser<commonfeature.despesasmedicas.historico.browser.TBrowser_HistoricoDespesaMedica<TDTO,TDAO,TController>.TDTO,commonfeature.despesasmedicas.historico.browser.TBrowser_HistoricoDespesaMedica<TDTO,TDAO,TController>.TDAO,commonfeature.despesasmedicas.historico.browser.TBrowser_HistoricoDespesaMedica<TDTO,TDAO,TController>.TController>' (published)
C:\@work\erp\source\desktop_new\commonfeature\despesasmedicas\commonfeature.despesasmedicas.historico.browser.pas(48): warning W1020: Constructing instance of 'TDTO_DespesaMedica' containing abstract method 'TDTO_Generics.GetSecurityLabel'
C:\@work\erp\source\desktop_new\commonfeature\despesasmedicas\commonfeature.despesasmedicas.historico.browser.pas(48): warning W1020: Constructing instance of 'TDTO_DespesaMedica' containing abstract method 'TDTO_Generics.NewObject'
C:\@work\erp\source\desktop_new\commonfeature\despesasmedicas\commonfeature.despesasmedicas.historico.browser.pas(48): warning W1020: Constructing instance of 'TDTO_DespesaMedica' containing abstract method 'TDTO_Generics.Validate'
C:\@work\erp\source\desktop_new\commonfeature\despesasmedicas\commonfeature.despesasmedicas.historico.browser.pas(48): warning W1020: Constructing instance of 'TDTO_DespesaMedica' containing abstract method 'TDTO_Generics.LoadFromTemplateData'
C:\@work\erp\source\desktop_new\commonfeature\despesasmedicas\commonfeature.despesasmedicas.historico.browser.pas(48): warning W1020: Constructing instance of 'TDTO_DespesaMedica' containing abstract method 'TDTO_Generics.SaveToTemplateData'
C:\@work\erp\source\desktop_new\commonfeature\despesasmedicas\relatorio\commonfeature.despesasmedicas.relatorio.model.pas(30): warning W1055: PUBLISHED caused RTTI ($M+) to be added to type 'TRel_DespesasMedicas'
C:\@work\erp\source\desktop_new\commonfeature\despesasmedicas\commonfeature.despesasmedicas.acoesemlote.ficha.pas(233): warning W1020: Constructing instance of 'TDTO_PlanoSaude' containing abstract method 'TDTO_Generics.GetSecurityLabel'
C:\@work\erp\source\desktop_new\commonfeature\despesasmedicas\commonfeature.despesasmedicas.acoesemlote.ficha.pas(233): warning W1020: Constructing instance of 'TDTO_PlanoSaude' containing abstract method 'TDTO_Generics.NewObject'
C:\@work\erp\source\desktop_new\commonfeature\despesasmedicas\commonfeature.despesasmedicas.acoesemlote.ficha.pas(233): warning W1020: Constructing instance of 'TDTO_PlanoSaude' containing abstract method 'TDTO_Generics.Validate'
C:\@work\erp\source\desktop_new\commonfeature\despesasmedicas\commonfeature.despesasmedicas.acoesemlote.ficha.pas(233): warning W1020: Constructing instance of 'TDTO_PlanoSaude' containing abstract method 'TDTO_Generics.LoadFromTemplateData'
C:\@work\erp\source\desktop_new\commonfeature\despesasmedicas\commonfeature.despesasmedicas.acoesemlote.ficha.pas(233): warning W1020: Constructing instance of 'TDTO_PlanoSaude' containing abstract method 'TDTO_Generics.SaveToTemplateData'
C:\@work\erp\source\desktop_new\commonfeature\despesasmedicas\commonfeature.despesasmedicas.acoesemlote.ficha.pas(234): warning W1020: Constructing instance of 'TDTO_SeguroSaude' containing abstract method 'TDTO_Generics.GetSecurityLabel'
C:\@work\erp\source\desktop_new\commonfeature\despesasmedicas\commonfeature.despesasmedicas.acoesemlote.ficha.pas(234): warning W1020: Constructing instance of 'TDTO_SeguroSaude' containing abstract method 'TDTO_Generics.NewObject'
C:\@work\erp\source\desktop_new\commonfeature\despesasmedicas\commonfeature.despesasmedicas.acoesemlote.ficha.pas(234): warning W1020: Constructing instance of 'TDTO_SeguroSaude' containing abstract method 'TDTO_Generics.Validate'
C:\@work\erp\source\desktop_new\commonfeature\despesasmedicas\commonfeature.despesasmedicas.acoesemlote.ficha.pas(234): warning W1020: Constructing instance of 'TDTO_SeguroSaude' containing abstract method 'TDTO_Generics.LoadFromTemplateData'
C:\@work\erp\source\desktop_new\commonfeature\despesasmedicas\commonfeature.despesasmedicas.acoesemlote.ficha.pas(234): warning W1020: Constructing instance of 'TDTO_SeguroSaude' containing abstract method 'TDTO_Generics.SaveToTemplateData'
C:\@work\erp\source\desktop_new\commonfeature\despesasmedicas\commonfeature.despesasmedicas.acoesemlote.ficha.pas(549): warning W1020: Constructing instance of 'TDTO_ReembolsoDespesaMedica' containing abstract method 'TDTO_Generics.GetSecurityLabel'
C:\@work\erp\source\desktop_new\commonfeature\despesasmedicas\commonfeature.despesasmedicas.acoesemlote.ficha.pas(549): warning W1020: Constructing instance of 'TDTO_ReembolsoDespesaMedica' containing abstract method 'TDTO_Generics.NewObject'
C:\@work\erp\source\desktop_new\commonfeature\despesasmedicas\commonfeature.despesasmedicas.acoesemlote.ficha.pas(549): warning W1020: Constructing instance of 'TDTO_ReembolsoDespesaMedica' containing abstract method 'TDTO_Generics.Validate'
C:\@work\erp\source\desktop_new\commonfeature\despesasmedicas\commonfeature.despesasmedicas.acoesemlote.ficha.pas(549): warning W1020: Constructing instance of 'TDTO_ReembolsoDespesaMedica' containing abstract method 'TDTO_Generics.LoadFromTemplateData'
C:\@work\erp\source\desktop_new\commonfeature\despesasmedicas\commonfeature.despesasmedicas.acoesemlote.ficha.pas(549): warning W1020: Constructing instance of 'TDTO_ReembolsoDespesaMedica' containing abstract method 'TDTO_Generics.SaveToTemplateData'
C:\@work\erp\source\desktop_new\commonfeature\despesasmedicas\commonfeature.despesasmedicas.acoesemlote.ficha.pas(584): warning W1020: Constructing instance of 'TDTO_HistoricoDespesaMedica' containing abstract method 'TDTO_Generics.GetSecurityLabel'
C:\@work\erp\source\desktop_new\commonfeature\despesasmedicas\commonfeature.despesasmedicas.acoesemlote.ficha.pas(584): warning W1020: Constructing instance of 'TDTO_HistoricoDespesaMedica' containing abstract method 'TDTO_Generics.NewObject'
C:\@work\erp\source\desktop_new\commonfeature\despesasmedicas\commonfeature.despesasmedicas.acoesemlote.ficha.pas(584): warning W1020: Constructing instance of 'TDTO_HistoricoDespesaMedica' containing abstract method 'TDTO_Generics.Validate'
C:\@work\erp\source\desktop_new\commonfeature\despesasmedicas\commonfeature.despesasmedicas.acoesemlote.ficha.pas(584): warning W1020: Constructing instance of 'TDTO_HistoricoDespesaMedica' containing abstract method 'TDTO_Generics.LoadFromTemplateData'
C:\@work\erp\source\desktop_new\commonfeature\despesasmedicas\commonfeature.despesasmedicas.acoesemlote.ficha.pas(584): warning W1020: Constructing instance of 'TDTO_HistoricoDespesaMedica' containing abstract method 'TDTO_Generics.SaveToTemplateData'
C:\@work\erp\source\desktop_new\commonfeature\despesasmedicas\commonfeature.despesasmedicas.acoesemlote.ficha.pas(704): warning W1020: Constructing instance of 'TDTO_ReembolsoDespesaMedica' containing abstract method 'TDTO_Generics.GetSecurityLabel'
C:\@work\erp\source\desktop_new\commonfeature\despesasmedicas\commonfeature.despesasmedicas.acoesemlote.ficha.pas(704): warning W1020: Constructing instance of 'TDTO_ReembolsoDespesaMedica' containing abstract method 'TDTO_Generics.NewObject'
C:\@work\erp\source\desktop_new\commonfeature\despesasmedicas\commonfeature.despesasmedicas.acoesemlote.ficha.pas(704): warning W1020: Constructing instance of 'TDTO_ReembolsoDespesaMedica' containing abstract method 'TDTO_Generics.Validate'
C:\@work\erp\source\desktop_new\commonfeature\despesasmedicas\commonfeature.despesasmedicas.acoesemlote.ficha.pas(704): warning W1020: Constructing instance of 'TDTO_ReembolsoDespesaMedica' containing abstract method 'TDTO_Generics.LoadFromTemplateData'
C:\@work\erp\source\desktop_new\commonfeature\despesasmedicas\commonfeature.despesasmedicas.acoesemlote.ficha.pas(704): warning W1020: Constructing instance of 'TDTO_ReembolsoDespesaMedica' containing abstract method 'TDTO_Generics.SaveToTemplateData'
C:\@work\erp\source\desktop_new\commonfeature\despesasmedicas\commonfeature.despesasmedicas.browser.pas(127): warning W1020: Constructing instance of 'TDTO_DespesaMedica' containing abstract method 'TDTO_Generics.GetSecurityLabel'
C:\@work\erp\source\desktop_new\commonfeature\despesasmedicas\commonfeature.despesasmedicas.browser.pas(127): warning W1020: Constructing instance of 'TDTO_DespesaMedica' containing abstract method 'TDTO_Generics.NewObject'
C:\@work\erp\source\desktop_new\commonfeature\despesasmedicas\commonfeature.despesasmedicas.browser.pas(127): warning W1020: Constructing instance of 'TDTO_DespesaMedica' containing abstract method 'TDTO_Generics.Validate'
C:\@work\erp\source\desktop_new\commonfeature\despesasmedicas\commonfeature.despesasmedicas.browser.pas(127): warning W1020: Constructing instance of 'TDTO_DespesaMedica' containing abstract method 'TDTO_Generics.LoadFromTemplateData'
C:\@work\erp\source\desktop_new\commonfeature\despesasmedicas\commonfeature.despesasmedicas.browser.pas(127): warning W1020: Constructing instance of 'TDTO_DespesaMedica' containing abstract method 'TDTO_Generics.SaveToTemplateData'
C:\@work\erp\source\desktop_new\commonfeature\despesasmedicas\commonfeature.despesasmedicas.browser.pas(128): warning W1020: Constructing instance of 'TDTO_ReembolsoDespesaMedica' containing abstract method 'TDTO_Generics.GetSecurityLabel'
C:\@work\erp\source\desktop_new\commonfeature\despesasmedicas\commonfeature.despesasmedicas.browser.pas(128): warning W1020: Constructing instance of 'TDTO_ReembolsoDespesaMedica' containing abstract method 'TDTO_Generics.NewObject'
C:\@work\erp\source\desktop_new\commonfeature\despesasmedicas\commonfeature.despesasmedicas.browser.pas(128): warning W1020: Constructing instance of 'TDTO_ReembolsoDespesaMedica' containing abstract method 'TDTO_Generics.Validate'
C:\@work\erp\source\desktop_new\commonfeature\despesasmedicas\commonfeature.despesasmedicas.browser.pas(128): warning W1020: Constructing instance of 'TDTO_ReembolsoDespesaMedica' containing abstract method 'TDTO_Generics.LoadFromTemplateData'
C:\@work\erp\source\desktop_new\commonfeature\despesasmedicas\commonfeature.despesasmedicas.browser.pas(128): warning W1020: Constructing instance of 'TDTO_ReembolsoDespesaMedica' containing abstract method 'TDTO_Generics.SaveToTemplateData'
C:\@work\erp\source\desktop_new\commonfeature\despesasmedicas\commonfeature.despesasmedicas.browser.pas(129): warning W1020: Constructing instance of 'TDTO_ReembolsoDespesaMedica' containing abstract method 'TDTO_Generics.GetSecurityLabel'
C:\@work\erp\source\desktop_new\commonfeature\despesasmedicas\commonfeature.despesasmedicas.browser.pas(129): warning W1020: Constructing instance of 'TDTO_ReembolsoDespesaMedica' containing abstract method 'TDTO_Generics.NewObject'
C:\@work\erp\source\desktop_new\commonfeature\despesasmedicas\commonfeature.despesasmedicas.browser.pas(129): warning W1020: Constructing instance of 'TDTO_ReembolsoDespesaMedica' containing abstract method 'TDTO_Generics.Validate'
C:\@work\erp\source\desktop_new\commonfeature\despesasmedicas\commonfeature.despesasmedicas.browser.pas(129): warning W1020: Constructing instance of 'TDTO_ReembolsoDespesaMedica' containing abstract method 'TDTO_Generics.LoadFromTemplateData'
C:\@work\erp\source\desktop_new\commonfeature\despesasmedicas\commonfeature.despesasmedicas.browser.pas(129): warning W1020: Constructing instance of 'TDTO_ReembolsoDespesaMedica' containing abstract method 'TDTO_Generics.SaveToTemplateData'
C:\@work\erp\source\desktop_new\commonfeature\despesasmedicas\commonfeature.despesasmedicas.browser.pas(156): warning W1020: Constructing instance of 'TDTO_ReembolsoDespesaMedica' containing abstract method 'TDTO_Generics.GetSecurityLabel'
C:\@work\erp\source\desktop_new\commonfeature\despesasmedicas\commonfeature.despesasmedicas.browser.pas(156): warning W1020: Constructing instance of 'TDTO_ReembolsoDespesaMedica' containing abstract method 'TDTO_Generics.NewObject'
C:\@work\erp\source\desktop_new\commonfeature\despesasmedicas\commonfeature.despesasmedicas.browser.pas(156): warning W1020: Constructing instance of 'TDTO_ReembolsoDespesaMedica' containing abstract method 'TDTO_Generics.Validate'
C:\@work\erp\source\desktop_new\commonfeature\despesasmedicas\commonfeature.despesasmedicas.browser.pas(156): warning W1020: Constructing instance of 'TDTO_ReembolsoDespesaMedica' containing abstract method 'TDTO_Generics.LoadFromTemplateData'
C:\@work\erp\source\desktop_new\commonfeature\despesasmedicas\commonfeature.despesasmedicas.browser.pas(156): warning W1020: Constructing instance of 'TDTO_ReembolsoDespesaMedica' containing abstract method 'TDTO_Generics.SaveToTemplateData'
C:\@work\erp\source\desktop_new\commonfeature\despesasmedicas\commonfeature.despesasmedicas.browser.pas(157): warning W1020: Constructing instance of 'TDTO_ReembolsoDespesaMedica' containing abstract method 'TDTO_Generics.GetSecurityLabel'
C:\@work\erp\source\desktop_new\commonfeature\despesasmedicas\commonfeature.despesasmedicas.browser.pas(157): warning W1020: Constructing instance of 'TDTO_ReembolsoDespesaMedica' containing abstract method 'TDTO_Generics.NewObject'
C:\@work\erp\source\desktop_new\commonfeature\despesasmedicas\commonfeature.despesasmedicas.browser.pas(157): warning W1020: Constructing instance of 'TDTO_ReembolsoDespesaMedica' containing abstract method 'TDTO_Generics.Validate'
C:\@work\erp\source\desktop_new\commonfeature\despesasmedicas\commonfeature.despesasmedicas.browser.pas(157): warning W1020: Constructing instance of 'TDTO_ReembolsoDespesaMedica' containing abstract method 'TDTO_Generics.LoadFromTemplateData'
C:\@work\erp\source\desktop_new\commonfeature\despesasmedicas\commonfeature.despesasmedicas.browser.pas(157): warning W1020: Constructing instance of 'TDTO_ReembolsoDespesaMedica' containing abstract method 'TDTO_Generics.SaveToTemplateData'
C:\@work\erp\source\desktop_new\commonfeature\despesasmedicas\commonfeature.despesasmedicas.browser.pas(158): warning W1020: Constructing instance of 'TDTO_DespesaMedica' containing abstract method 'TDTO_Generics.GetSecurityLabel'
C:\@work\erp\source\desktop_new\commonfeature\despesasmedicas\commonfeature.despesasmedicas.browser.pas(158): warning W1020: Constructing instance of 'TDTO_DespesaMedica' containing abstract method 'TDTO_Generics.NewObject'
C:\@work\erp\source\desktop_new\commonfeature\despesasmedicas\commonfeature.despesasmedicas.browser.pas(158): warning W1020: Constructing instance of 'TDTO_DespesaMedica' containing abstract method 'TDTO_Generics.Validate'
C:\@work\erp\source\desktop_new\commonfeature\despesasmedicas\commonfeature.despesasmedicas.browser.pas(158): warning W1020: Constructing instance of 'TDTO_DespesaMedica' containing abstract method 'TDTO_Generics.LoadFromTemplateData'
C:\@work\erp\source\desktop_new\commonfeature\despesasmedicas\commonfeature.despesasmedicas.browser.pas(158): warning W1020: Constructing instance of 'TDTO_DespesaMedica' containing abstract method 'TDTO_Generics.SaveToTemplateData'
C:\@work\erp\source\desktop_new\commonfeature\despesasmedicas\commonfeature.despesasmedicas.browser.pas(410): warning W1020: Constructing instance of 'TDTO_HistoricoDespesaMedica' containing abstract method 'TDTO_Generics.GetSecurityLabel'
C:\@work\erp\source\desktop_new\commonfeature\despesasmedicas\commonfeature.despesasmedicas.browser.pas(410): warning W1020: Constructing instance of 'TDTO_HistoricoDespesaMedica' containing abstract method 'TDTO_Generics.NewObject'
C:\@work\erp\source\desktop_new\commonfeature\despesasmedicas\commonfeature.despesasmedicas.browser.pas(410): warning W1020: Constructing instance of 'TDTO_HistoricoDespesaMedica' containing abstract method 'TDTO_Generics.Validate'
C:\@work\erp\source\desktop_new\commonfeature\despesasmedicas\commonfeature.despesasmedicas.browser.pas(410): warning W1020: Constructing instance of 'TDTO_HistoricoDespesaMedica' containing abstract method 'TDTO_Generics.LoadFromTemplateData'
C:\@work\erp\source\desktop_new\commonfeature\despesasmedicas\commonfeature.despesasmedicas.browser.pas(410): warning W1020: Constructing instance of 'TDTO_HistoricoDespesaMedica' containing abstract method 'TDTO_Generics.SaveToTemplateData'
C:\@work\erp\source\desktop_new\commonfeature\despesasmedicas\commonfeature.despesasmedicas.browser.pas(534): warning W1020: Constructing instance of 'TBrowser_HistoricoDespesaMedica_Base' containing abstract method '{nsORM.browser}TNsORMBrowser<commonfeature.despesasmedicas.historico.dto.TDTO_HistoricoDespesaMedica,commonfeature.despesasmedicas.historico.dao.TDAO_HistoricoDespesaMedica,commonfeature.despesasmedicas.historico.browser.TController_HistoricoDespesaMedica<commonfeature.despesasmedicas.historico.dto.TDTO_HistoricoDespesaMedica,commonfeature.despesasmedicas.historico.dao.TDAO_HistoricoDespesaMedica>>.getFicha'
DespesasMedicas.dpr(85): warning W1002: Symbol 'DebugHook' is specific to a platform
C:\Program Files (x86)\Embarcadero\RAD Studio\10.0\Bin\CodeGear.Delphi.Targets : Hint warning H2161: Warning: Duplicate resource:  Type 10 (RCDATA), ID TDMICONESUSUARIO; File C:\@work\erp\source\desktop_new\_codelink\frameworks\editorConsulta.dmIconesUsuario.dfm resource kept; file C:\@work\erp\source\desktop_new\_codelink\commonfeature\uDmIconesUsuario.dfm resource discarded.
  10106 lines, 13.55 seconds, 35377928 bytes code, 353628 bytes data.
