Microsoft (R) Build Engine Version 3.5.30729.8693
[Microsoft .NET Framework, Version 2.0.50727.8689]
Copyright (C) Microsoft Corporation 2007. All rights reserved.

_PasCoreCompile:
  Embarcadero Delphi for Win32 compiler version 24.0
  Copyright (c) 1983,2012 Embarcadero Technologies, Inc.
C:\@work\erp\source\desktop_new\commonutils_static\resources\commonutils.resources.aparencia.pas(66): Hint warning H2077: Value assigned to 'IniFile' never used
  C:\@work\erp\source\desktop_new\commonfeature\servicosconvenio115_03\commonfeature.servicosconvenio115_03.dto.classificacaoserviWarning: W1020 Constructing instance of 'TDTO_ClassificacaoServico' containing abstract method 'TDTO_Generics.GetSecurityLabel'
  C:\@work\erp\source\desktop_new\commonfeature\servicosconvenio115_03\commonfeature.servicosconvenio115_03.dto.classificacaoserviWarning: W1020 Constructing instance of 'TDTO_ClassificacaoServico' containing abstract method 'TDTO_Generics.NewObject'
  C:\@work\erp\source\desktop_new\commonfeature\servicosconvenio115_03\commonfeature.servicosconvenio115_03.dto.classificacaoserviWarning: W1020 Constructing instance of 'TDTO_ClassificacaoServico' containing abstract method 'TDTO_Generics.Validate'
  C:\@work\erp\source\desktop_new\commonfeature\servicosconvenio115_03\commonfeature.servicosconvenio115_03.dto.classificacaoserviWarning: W1020 Constructing instance of 'TDTO_ClassificacaoServico' containing abstract method 'TDTO_Generics.LoadFromTemplateData'
  C:\@work\erp\source\desktop_new\commonfeature\servicosconvenio115_03\commonfeature.servicosconvenio115_03.dto.classificacaoserviWarning: W1020 Constructing instance of 'TDTO_ClassificacaoServico' containing abstract method 'TDTO_Generics.SaveToTemplateData'
  C:\@work\erp\source\desktop_new\commonfeature\servicosconvenio115_03\commonfeature.servicosconvenio115_03.browser.classificacaosHint: H2269 Overriding virtual method 'TBrowser_ClassificacaoServico<TDTO,TDAO,TController>.getCaption' has lower visibility (strict private) than base class 'nsORM.browser.TNsORMBrowser<commonfeature.servicosconvenio115_03.browser.classificacaoservico.TBrowser_ClassificacaoServico<TDTO,TDAO,TController>.TDTO,commonfeature.servicosconvenio115_03.browser.classificacaoservico.TBrowser_ClassificacaoServico<TDTO,TDAO,TController>.TDAO,commonfeature.servicosconvenio115_03.browser.classificacaoservico.TBrowser_ClassificacaoServico<TDTO,TDAO,TController>.TController>' (protected)
  C:\@work\erp\source\desktop_new\commonfeature\servicosconvenio115_03\commonfeature.servicosconvenio115_03.browser.classificacaosHint: H2269 Overriding virtual method 'TBrowser_ClassificacaoServico<TDTO,TDAO,TController>.getFicha' has lower visibility (strict private) than base class 'nsORM.browser.TNsORMBrowser<commonfeature.servicosconvenio115_03.browser.classificacaoservico.TBrowser_ClassificacaoServico<TDTO,TDAO,TController>.TDTO,commonfeature.servicosconvenio115_03.browser.classificacaoservico.TBrowser_ClassificacaoServico<TDTO,TDAO,TController>.TDAO,commonfeature.servicosconvenio115_03.browser.classificacaoservico.TBrowser_ClassificacaoServico<TDTO,TDAO,TController>.TController>' (protected)
C:\@work\erp\source\desktop_new\commonfeature\servicosconvenio115_03\commonfeature.servicosconvenio115_03.dto.pas(199): warning W1020: Constructing instance of 'TDTO_ClassificacaoServico' containing abstract method 'TDTO_Generics.GetSecurityLabel'
C:\@work\erp\source\desktop_new\commonfeature\servicosconvenio115_03\commonfeature.servicosconvenio115_03.dto.pas(199): warning W1020: Constructing instance of 'TDTO_ClassificacaoServico' containing abstract method 'TDTO_Generics.NewObject'
C:\@work\erp\source\desktop_new\commonfeature\servicosconvenio115_03\commonfeature.servicosconvenio115_03.dto.pas(199): warning W1020: Constructing instance of 'TDTO_ClassificacaoServico' containing abstract method 'TDTO_Generics.Validate'
C:\@work\erp\source\desktop_new\commonfeature\servicosconvenio115_03\commonfeature.servicosconvenio115_03.dto.pas(199): warning W1020: Constructing instance of 'TDTO_ClassificacaoServico' containing abstract method 'TDTO_Generics.LoadFromTemplateData'
C:\@work\erp\source\desktop_new\commonfeature\servicosconvenio115_03\commonfeature.servicosconvenio115_03.dto.pas(199): warning W1020: Constructing instance of 'TDTO_ClassificacaoServico' containing abstract method 'TDTO_Generics.SaveToTemplateData'
C:\@work\erp\source\desktop_new\commonfeature\servicosconvenio115_03\commonfeature.servicosconvenio115_03.dto.pas(209): warning W1020: Constructing instance of 'TDTO_Unidade' containing abstract method 'TDTO_Generics.GetSecurityLabel'
C:\@work\erp\source\desktop_new\commonfeature\servicosconvenio115_03\commonfeature.servicosconvenio115_03.dto.pas(209): warning W1020: Constructing instance of 'TDTO_Unidade' containing abstract method 'TDTO_Generics.NewObject'
C:\@work\erp\source\desktop_new\commonfeature\servicosconvenio115_03\commonfeature.servicosconvenio115_03.dto.pas(209): warning W1020: Constructing instance of 'TDTO_Unidade' containing abstract method 'TDTO_Generics.Validate'
C:\@work\erp\source\desktop_new\commonfeature\servicosconvenio115_03\commonfeature.servicosconvenio115_03.dto.pas(209): warning W1020: Constructing instance of 'TDTO_Unidade' containing abstract method 'TDTO_Generics.LoadFromTemplateData'
C:\@work\erp\source\desktop_new\commonfeature\servicosconvenio115_03\commonfeature.servicosconvenio115_03.dto.pas(209): warning W1020: Constructing instance of 'TDTO_Unidade' containing abstract method 'TDTO_Generics.SaveToTemplateData'
C:\@work\erp\source\desktop_new\commonfeature\servicosconvenio115_03\commonfeature.servicosconvenio115_03.ficha.pas(44): Hint warning H2269: Overriding virtual method 'TFicha_ServicoConvenio115_03.getFrame' has lower visibility (private) than base class 'TnsORMFicha' (protected)
C:\@work\erp\source\desktop_new\commonfeature\servicosconvenio115_03\commonfeature.servicosconvenio115_03.ficha.pas(46): Hint warning H2269: Overriding virtual method 'TFicha_ServicoConvenio115_03.getValidator' has lower visibility (private) than base class 'TnsORMFicha' (protected)
C:\@work\erp\source\desktop_new\commonfeature\servicosconvenio115_03\commonfeature.servicosconvenio115_03.ficha.pas(48): Hint warning H2269: Overriding virtual method 'TFicha_ServicoConvenio115_03.getCaption' has lower visibility (private) than base class 'TnsORMFicha' (protected)
C:\@work\erp\source\desktop_new\commonfeature\servicosconvenio115_03\commonfeature.servicosconvenio115_03.ficha.pas(50): Hint warning H2269: Overriding virtual method 'TFicha_ServicoConvenio115_03.registerEvents' has lower visibility (private) than base class 'TnsORMFicha' (protected)
C:\@work\erp\source\desktop_new\commonfeature\servicosconvenio115_03\commonfeature.servicosconvenio115_03.ficha.pas(58): Hint warning H2269: Overriding virtual method 'TFicha_ServicoConvenio115_03.parserDTOToView' has lower visibility (private) than base class 'TnsORMFicha' (protected)
C:\@work\erp\source\desktop_new\commonfeature\servicosconvenio115_03\commonfeature.servicosconvenio115_03.ficha.pas(60): Hint warning H2269: Overriding virtual method 'TFicha_ServicoConvenio115_03.parserViewToDTO' has lower visibility (private) than base class 'TnsORMFicha' (protected)
C:\@work\erp\source\desktop_new\commonfeature\servicosconvenio115_03\commonfeature.servicosconvenio115_03.browser.pas(31): Hint warning H2269: Overriding virtual method 'TBrowser_ServicoConvenio115_03<TDTO,TDAO,TController>.getCaption' has lower visibility (strict private) than base class 'nsORM.browser.TNsORMBrowser<commonfeature.servicosconvenio115_03.browser.TBrowser_ServicoConvenio115_03<TDTO,TDAO,TController>.TDTO,commonfeature.servicosconvenio115_03.browser.TBrowser_ServicoConvenio115_03<TDTO,TDAO,TController>.TDAO,commonfeature.servicosconvenio115_03.browser.TBrowser_ServicoConvenio115_03<TDTO,TDAO,TController>.TController>' (protected)
C:\@work\erp\source\desktop_new\commonfeature\servicosconvenio115_03\commonfeature.servicosconvenio115_03.browser.pas(33): Hint warning H2269: Overriding virtual method 'TBrowser_ServicoConvenio115_03<TDTO,TDAO,TController>.getFicha' has lower visibility (strict private) than base class 'nsORM.browser.TNsORMBrowser<commonfeature.servicosconvenio115_03.browser.TBrowser_ServicoConvenio115_03<TDTO,TDAO,TController>.TDTO,commonfeature.servicosconvenio115_03.browser.TBrowser_ServicoConvenio115_03<TDTO,TDAO,TController>.TDAO,commonfeature.servicosconvenio115_03.browser.TBrowser_ServicoConvenio115_03<TDTO,TDAO,TController>.TController>' (protected)
C:\@work\erp\source\desktop_new\commonfeature\servicosconvenio115_03\commonfeature.servicosconvenio115_03.debug.pas(47): Hint warning H2164: Variable 't_erro' is declared but never used in 'TviewDebug.call'
  1106 lines, 9.81 seconds, 28836048 bytes code, 308452 bytes data.
